<?xml version="1.0" encoding="UTF-8"?>
<testsuite xmlns:xsi="http://www.w3.org/2001/XMLSchema-instance" xsi:noNamespaceSchemaLocation="https://maven.apache.org/surefire/maven-surefire-plugin/xsd/surefire-test-report-3.0.xsd" version="3.0" name="TestSuite" time="117.079" tests="4" errors="0" skipped="0" failures="0">
  <properties>
    <property name="awt.toolkit" value="sun.awt.X11.XToolkit"/>
    <property name="java.specification.version" value="11"/>
    <property name="sun.cpu.isalist" value=""/>
    <property name="sun.jnu.encoding" value="UTF-8"/>
    <property name="java.class.path" value="/app/target/test-classes:/app/target/classes:/root/.m2/repository/org/seleniumhq/selenium/selenium-java/4.18.0/selenium-java-4.18.0.jar:/root/.m2/repository/org/seleniumhq/selenium/selenium-api/4.18.0/selenium-api-4.18.0.jar:/root/.m2/repository/org/seleniumhq/selenium/selenium-chrome-driver/4.18.0/selenium-chrome-driver-4.18.0.jar:/root/.m2/repository/com/google/auto/service/auto-service-annotations/1.1.1/auto-service-annotations-1.1.1.jar:/root/.m2/repository/org/seleniumhq/selenium/selenium-chromium-driver/4.18.0/selenium-chromium-driver-4.18.0.jar:/root/.m2/repository/org/seleniumhq/selenium/selenium-json/4.18.0/selenium-json-4.18.0.jar:/root/.m2/repository/org/seleniumhq/selenium/selenium-manager/4.18.0/selenium-manager-4.18.0.jar:/root/.m2/repository/org/seleniumhq/selenium/selenium-devtools-v119/4.18.0/selenium-devtools-v119-4.18.0.jar:/root/.m2/repository/org/seleniumhq/selenium/selenium-devtools-v120/4.18.0/selenium-devtools-v120-4.18.0.jar:/root/.m2/repository/org/seleniumhq/selenium/selenium-devtools-v121/4.18.0/selenium-devtools-v121-4.18.0.jar:/root/.m2/repository/org/seleniumhq/selenium/selenium-devtools-v85/4.18.0/selenium-devtools-v85-4.18.0.jar:/root/.m2/repository/org/seleniumhq/selenium/selenium-edge-driver/4.18.0/selenium-edge-driver-4.18.0.jar:/root/.m2/repository/org/seleniumhq/selenium/selenium-firefox-driver/4.18.0/selenium-firefox-driver-4.18.0.jar:/root/.m2/repository/org/seleniumhq/selenium/selenium-http/4.18.0/selenium-http-4.18.0.jar:/root/.m2/repository/dev/failsafe/failsafe/3.3.2/failsafe-3.3.2.jar:/root/.m2/repository/org/seleniumhq/selenium/selenium-ie-driver/4.18.0/selenium-ie-driver-4.18.0.jar:/root/.m2/repository/org/seleniumhq/selenium/selenium-remote-driver/4.18.0/selenium-remote-driver-4.18.0.jar:/root/.m2/repository/com/google/guava/guava/33.0.0-jre/guava-33.0.0-jre.jar:/root/.m2/repository/com/google/guava/failureaccess/1.0.2/failureaccess-1.0.2.jar:/root/.m2/repository/com/google/guava/listenablefuture/9999.0-empty-to-avoid-conflict-with-guava/listenablefuture-9999.0-empty-to-avoid-conflict-with-guava.jar:/root/.m2/repository/com/google/code/findbugs/jsr305/3.0.2/jsr305-3.0.2.jar:/root/.m2/repository/org/checkerframework/checker-qual/3.41.0/checker-qual-3.41.0.jar:/root/.m2/repository/com/google/errorprone/error_prone_annotations/2.23.0/error_prone_annotations-2.23.0.jar:/root/.m2/repository/com/google/j2objc/j2objc-annotations/2.8/j2objc-annotations-2.8.jar:/root/.m2/repository/io/opentelemetry/semconv/opentelemetry-semconv/1.23.1-alpha/opentelemetry-semconv-1.23.1-alpha.jar:/root/.m2/repository/io/opentelemetry/opentelemetry-api/1.35.0/opentelemetry-api-1.35.0.jar:/root/.m2/repository/io/opentelemetry/opentelemetry-context/1.35.0/opentelemetry-context-1.35.0.jar:/root/.m2/repository/io/opentelemetry/opentelemetry-exporter-logging/1.35.0/opentelemetry-exporter-logging-1.35.0.jar:/root/.m2/repository/io/opentelemetry/opentelemetry-sdk-common/1.35.0/opentelemetry-sdk-common-1.35.0.jar:/root/.m2/repository/io/opentelemetry/opentelemetry-sdk-extension-autoconfigure-spi/1.35.0/opentelemetry-sdk-extension-autoconfigure-spi-1.35.0.jar:/root/.m2/repository/io/opentelemetry/opentelemetry-sdk-extension-autoconfigure/1.35.0/opentelemetry-sdk-extension-autoconfigure-1.35.0.jar:/root/.m2/repository/io/opentelemetry/opentelemetry-api-events/1.35.0-alpha/opentelemetry-api-events-1.35.0-alpha.jar:/root/.m2/repository/io/opentelemetry/opentelemetry-sdk-trace/1.35.0/opentelemetry-sdk-trace-1.35.0.jar:/root/.m2/repository/io/opentelemetry/opentelemetry-extension-incubator/1.35.0-alpha/opentelemetry-extension-incubator-1.35.0-alpha.jar:/root/.m2/repository/io/opentelemetry/opentelemetry-sdk/1.35.0/opentelemetry-sdk-1.35.0.jar:/root/.m2/repository/io/opentelemetry/opentelemetry-sdk-metrics/1.35.0/opentelemetry-sdk-metrics-1.35.0.jar:/root/.m2/repository/io/opentelemetry/opentelemetry-sdk-logs/1.35.0/opentelemetry-sdk-logs-1.35.0.jar:/root/.m2/repository/net/bytebuddy/byte-buddy/1.14.12/byte-buddy-1.14.12.jar:/root/.m2/repository/org/seleniumhq/selenium/selenium-os/4.18.0/selenium-os-4.18.0.jar:/root/.m2/repository/org/apache/commons/commons-exec/1.3/commons-exec-1.3.jar:/root/.m2/repository/org/seleniumhq/selenium/selenium-safari-driver/4.18.0/selenium-safari-driver-4.18.0.jar:/root/.m2/repository/org/seleniumhq/selenium/selenium-support/4.18.0/selenium-support-4.18.0.jar:/root/.m2/repository/org/testng/testng/7.1.0/testng-7.1.0.jar:/root/.m2/repository/com/beust/jcommander/1.72/jcommander-1.72.jar:/root/.m2/repository/com/google/inject/guice/4.1.0/guice-4.1.0-no_aop.jar:/root/.m2/repository/javax/inject/javax.inject/1/javax.inject-1.jar:/root/.m2/repository/aopalliance/aopalliance/1.0/aopalliance-1.0.jar:/root/.m2/repository/org/yaml/snakeyaml/1.21/snakeyaml-1.21.jar:"/>
    <property name="java.vm.vendor" value="Alpine"/>
    <property name="sun.arch.data.model" value="64"/>
    <property name="java.vendor.url" value="https://alpinelinux.org/"/>
    <property name="user.timezone" value="GMT"/>
    <property name="java.vm.specification.version" value="11"/>
    <property name="os.name" value="Linux"/>
    <property name="sun.java.launcher" value="SUN_STANDARD"/>
    <property name="user.country" value="US"/>
    <property name="sun.boot.library.path" value="/usr/lib/jvm/java-11-openjdk/lib"/>
    <property name="sun.java.command" value="/app/target/surefire/surefirebooter-20240402214310547_3.jar /app/target/surefire 2024-04-02T21-43-09_253-jvmRun1 surefire-20240402214310547_1tmp surefire_0-20240402214310547_2tmp"/>
    <property name="jdk.debug" value="release"/>
    <property name="surefire.test.class.path" value="/app/target/test-classes:/app/target/classes:/root/.m2/repository/org/seleniumhq/selenium/selenium-java/4.18.0/selenium-java-4.18.0.jar:/root/.m2/repository/org/seleniumhq/selenium/selenium-api/4.18.0/selenium-api-4.18.0.jar:/root/.m2/repository/org/seleniumhq/selenium/selenium-chrome-driver/4.18.0/selenium-chrome-driver-4.18.0.jar:/root/.m2/repository/com/google/auto/service/auto-service-annotations/1.1.1/auto-service-annotations-1.1.1.jar:/root/.m2/repository/org/seleniumhq/selenium/selenium-chromium-driver/4.18.0/selenium-chromium-driver-4.18.0.jar:/root/.m2/repository/org/seleniumhq/selenium/selenium-json/4.18.0/selenium-json-4.18.0.jar:/root/.m2/repository/org/seleniumhq/selenium/selenium-manager/4.18.0/selenium-manager-4.18.0.jar:/root/.m2/repository/org/seleniumhq/selenium/selenium-devtools-v119/4.18.0/selenium-devtools-v119-4.18.0.jar:/root/.m2/repository/org/seleniumhq/selenium/selenium-devtools-v120/4.18.0/selenium-devtools-v120-4.18.0.jar:/root/.m2/repository/org/seleniumhq/selenium/selenium-devtools-v121/4.18.0/selenium-devtools-v121-4.18.0.jar:/root/.m2/repository/org/seleniumhq/selenium/selenium-devtools-v85/4.18.0/selenium-devtools-v85-4.18.0.jar:/root/.m2/repository/org/seleniumhq/selenium/selenium-edge-driver/4.18.0/selenium-edge-driver-4.18.0.jar:/root/.m2/repository/org/seleniumhq/selenium/selenium-firefox-driver/4.18.0/selenium-firefox-driver-4.18.0.jar:/root/.m2/repository/org/seleniumhq/selenium/selenium-http/4.18.0/selenium-http-4.18.0.jar:/root/.m2/repository/dev/failsafe/failsafe/3.3.2/failsafe-3.3.2.jar:/root/.m2/repository/org/seleniumhq/selenium/selenium-ie-driver/4.18.0/selenium-ie-driver-4.18.0.jar:/root/.m2/repository/org/seleniumhq/selenium/selenium-remote-driver/4.18.0/selenium-remote-driver-4.18.0.jar:/root/.m2/repository/com/google/guava/guava/33.0.0-jre/guava-33.0.0-jre.jar:/root/.m2/repository/com/google/guava/failureaccess/1.0.2/failureaccess-1.0.2.jar:/root/.m2/repository/com/google/guava/listenablefuture/9999.0-empty-to-avoid-conflict-with-guava/listenablefuture-9999.0-empty-to-avoid-conflict-with-guava.jar:/root/.m2/repository/com/google/code/findbugs/jsr305/3.0.2/jsr305-3.0.2.jar:/root/.m2/repository/org/checkerframework/checker-qual/3.41.0/checker-qual-3.41.0.jar:/root/.m2/repository/com/google/errorprone/error_prone_annotations/2.23.0/error_prone_annotations-2.23.0.jar:/root/.m2/repository/com/google/j2objc/j2objc-annotations/2.8/j2objc-annotations-2.8.jar:/root/.m2/repository/io/opentelemetry/semconv/opentelemetry-semconv/1.23.1-alpha/opentelemetry-semconv-1.23.1-alpha.jar:/root/.m2/repository/io/opentelemetry/opentelemetry-api/1.35.0/opentelemetry-api-1.35.0.jar:/root/.m2/repository/io/opentelemetry/opentelemetry-context/1.35.0/opentelemetry-context-1.35.0.jar:/root/.m2/repository/io/opentelemetry/opentelemetry-exporter-logging/1.35.0/opentelemetry-exporter-logging-1.35.0.jar:/root/.m2/repository/io/opentelemetry/opentelemetry-sdk-common/1.35.0/opentelemetry-sdk-common-1.35.0.jar:/root/.m2/repository/io/opentelemetry/opentelemetry-sdk-extension-autoconfigure-spi/1.35.0/opentelemetry-sdk-extension-autoconfigure-spi-1.35.0.jar:/root/.m2/repository/io/opentelemetry/opentelemetry-sdk-extension-autoconfigure/1.35.0/opentelemetry-sdk-extension-autoconfigure-1.35.0.jar:/root/.m2/repository/io/opentelemetry/opentelemetry-api-events/1.35.0-alpha/opentelemetry-api-events-1.35.0-alpha.jar:/root/.m2/repository/io/opentelemetry/opentelemetry-sdk-trace/1.35.0/opentelemetry-sdk-trace-1.35.0.jar:/root/.m2/repository/io/opentelemetry/opentelemetry-extension-incubator/1.35.0-alpha/opentelemetry-extension-incubator-1.35.0-alpha.jar:/root/.m2/repository/io/opentelemetry/opentelemetry-sdk/1.35.0/opentelemetry-sdk-1.35.0.jar:/root/.m2/repository/io/opentelemetry/opentelemetry-sdk-metrics/1.35.0/opentelemetry-sdk-metrics-1.35.0.jar:/root/.m2/repository/io/opentelemetry/opentelemetry-sdk-logs/1.35.0/opentelemetry-sdk-logs-1.35.0.jar:/root/.m2/repository/net/bytebuddy/byte-buddy/1.14.12/byte-buddy-1.14.12.jar:/root/.m2/repository/org/seleniumhq/selenium/selenium-os/4.18.0/selenium-os-4.18.0.jar:/root/.m2/repository/org/apache/commons/commons-exec/1.3/commons-exec-1.3.jar:/root/.m2/repository/org/seleniumhq/selenium/selenium-safari-driver/4.18.0/selenium-safari-driver-4.18.0.jar:/root/.m2/repository/org/seleniumhq/selenium/selenium-support/4.18.0/selenium-support-4.18.0.jar:/root/.m2/repository/org/testng/testng/7.1.0/testng-7.1.0.jar:/root/.m2/repository/com/beust/jcommander/1.72/jcommander-1.72.jar:/root/.m2/repository/com/google/inject/guice/4.1.0/guice-4.1.0-no_aop.jar:/root/.m2/repository/javax/inject/javax.inject/1/javax.inject-1.jar:/root/.m2/repository/aopalliance/aopalliance/1.0/aopalliance-1.0.jar:/root/.m2/repository/org/yaml/snakeyaml/1.21/snakeyaml-1.21.jar:"/>
    <property name="sun.cpu.endian" value="little"/>
    <property name="user.home" value="/root"/>
    <property name="user.language" value="en"/>
    <property name="java.specification.vendor" value="Oracle Corporation"/>
    <property name="java.version.date" value="2022-01-18"/>
    <property name="java.home" value="/usr/lib/jvm/java-11-openjdk"/>
    <property name="file.separator" value="/"/>
    <property name="basedir" value="/app"/>
    <property name="java.vm.compressedOopsMode" value="32-bit"/>
    <property name="line.separator" value="&#10;"/>
    <property name="java.specification.name" value="Java Platform API Specification"/>
    <property name="java.vm.specification.vendor" value="Oracle Corporation"/>
    <property name="java.awt.graphicsenv" value="sun.awt.X11GraphicsEnvironment"/>
    <property name="class.name" value="test.java.formWorkflow.formWorkflow_Test"/>
    <property name="app.url" value="http://host.docker.internal/LEAF_Request_Portal/admin/"/>
    <property name="surefire.real.class.path" value="/app/target/surefire/surefirebooter-20240402214310547_3.jar"/>
    <property name="sun.management.compiler" value="HotSpot 64-Bit Tiered Compilers"/>
    <property name="remote.url" value=" http://192.168.86.248:4445"/>
    <property name="java.runtime.version" value="11.0.14+9-alpine-r0"/>
    <property name="user.name" value="root"/>
    <property name="path.separator" value=":"/>
    <property name="otel.metrics.exporter" value="none"/>
    <property name="os.version" value="5.15.133.1-microsoft-standard-WSL2"/>
    <property name="java.runtime.name" value="OpenJDK Runtime Environment"/>
    <property name="otel.traces.exporter" value="none"/>
    <property name="file.encoding" value="UTF-8"/>
    <property name="java.vm.name" value="OpenJDK 64-Bit Server VM"/>
    <property name="localRepository" value="/root/.m2/repository"/>
    <property name="java.vendor.url.bug" value="https://gitlab.alpinelinux.org/alpine/aports/issues"/>
    <property name="otel.logs.exporter" value="none"/>
    <property name="java.io.tmpdir" value="/tmp"/>
    <property name="java.version" value="11.0.14"/>
    <property name="user.dir" value="/app"/>
    <property name="os.arch" value="amd64"/>
    <property name="java.vm.specification.name" value="Java Virtual Machine Specification"/>
    <property name="java.awt.printerjob" value="sun.print.PSPrinterJob"/>
    <property name="sun.os.patch.level" value="unknown"/>
    <property name="java.library.path" value="/usr/lib/jvm/java-11-openjdk/lib/server:/usr/lib/jvm/java-11-openjdk/lib:/usr/lib/jvm/java-11-openjdk/../lib:/usr/java/packages/lib:/usr/lib64:/lib64:/lib:/usr/lib"/>
    <property name="java.vm.info" value="mixed mode"/>
    <property name="java.vendor" value="Alpine"/>
    <property name="java.vm.version" value="11.0.14+9-alpine-r0"/>
    <property name="sun.io.unicode.encoding" value="UnicodeLittle"/>
    <property name="java.class.version" value="55.0"/>
  </properties>
  <testcase name="CreateAndDeleteForm" classname="test.java.formWorkflow.formWorkflow_Test" time="16.578">
    <system-out><![CDATA[Title: https://host.docker.internal/LEAF_Request_Portal/admin/ -->Academy Demo Site (Test site) | Washington DC
]]></system-out>
    <system-err><![CDATA[Apr 02, 2024 9:43:12 PM org.openqa.selenium.remote.tracing.opentelemetry.OpenTelemetryTracer createTracer
INFO: Using OpenTelemetry for tracing
]]></system-err>
  </testcase>
  <testcase name="EditProperties" classname="test.java.formWorkflow.formWorkflow_Test" time="22.101">
    <system-out><![CDATA[Title: https://host.docker.internal/LEAF_Request_Portal/admin/ -->Academy Demo Site (Test site) | Washington DC
]]></system-out>
  </testcase>
  <testcase name="addSectionHeadings" classname="test.java.formWorkflow.formWorkflow_Test" time="16.439">
    <system-out><![CDATA[Title: https://host.docker.internal/LEAF_Request_Portal/admin/ -->Academy Demo Site (Test site) | Washington DC
]]></system-out>
  </testcase>
  <testcase name="editCollaborators" classname="test.java.formWorkflow.formWorkflow_Test" time="19.369">
    <system-out><![CDATA[Title: https://host.docker.internal/LEAF_Request_Portal/admin/ -->Academy Demo Site (Test site) | Washington DC
]]></system-out>
  </testcase>
</testsuite>