<?xml version="1.0" encoding="UTF-8"?>
<!-- Generated by org.testng.reporters.JUnitReportReporter -->
<testsuite hostname="DESKTOP-OOHKJP3" failures="0" tests="4" name="test.java.userAccessGroup.userAccessGroupsPart3" time="6.528" errors="0" timestamp="2023-09-19T09:50:46 CDT" skipped="0">
  <testcase classname="test.java.userAccessGroup.userAccessGroupsPart3" name="testForCertPage" time="1.566"/>
  <system-out/>
  <testcase classname="test.java.userAccessGroup.userAccessGroupsPart3" name="openAccessGroup" time="2.453"/>
  <system-out/>
  <testcase classname="test.java.userAccessGroup.userAccessGroupsPart3" name="deleteUserGroup" time="1.456"/>
  <system-out/>
  <testcase classname="test.java.userAccessGroup.userAccessGroupsPart3" name="confirmYes" time="1.053"/>
  <system-out/>
</testsuite> <!-- test.java.userAccessGroup.userAccessGroupsPart3 -->
