<?xml version="1.0" encoding="UTF-8"?>
<!-- Generated by org.testng.reporters.JUnitReportReporter -->
<testsuite hostname="DESKTOP-OOHKJP3" failures="0" tests="92" name="test.userAccessGroupsTESTING" time="125.284" errors="0" timestamp="2023-09-14T14:07:50 CDT" skipped="0">
  <testcase classname="test.userAccessGroupsTESTING" name="testForCertPage" time="1.549"/>
  <system-out/>
  <testcase classname="test.userAccessGroupsTESTING" name="createUserAccessGroup" time="1.396"/>
  <system-out/>
  <testcase classname="test.userAccessGroupsTESTING" name="inputGroupName" time="1.983"/>
  <system-out/>
  <testcase classname="test.userAccessGroupsTESTING" name="cancelCreateUserGroup" time="0.815"/>
  <system-out/>
  <testcase classname="test.userAccessGroupsTESTING" name="createUserAccessGroup2" time="0.744"/>
  <system-out/>
  <testcase classname="test.userAccessGroupsTESTING" name="inputGroupName2" time="1.890"/>
  <system-out/>
  <testcase classname="test.userAccessGroupsTESTING" name="saveUserGroup" time="0.950"/>
  <system-out/>
  <testcase classname="test.userAccessGroupsTESTING" name="openAccessGroup" time="1.460"/>
  <system-out/>
  <testcase classname="test.userAccessGroupsTESTING" name="inputEmployee" time="2.603"/>
  <system-out/>
  <testcase classname="test.userAccessGroupsTESTING" name="saveEmployee" time="0.950"/>
  <system-out/>
  <testcase classname="test.userAccessGroupsTESTING" name="openAccessGroup1" time="1.434"/>
  <system-out/>
  <testcase classname="test.userAccessGroupsTESTING" name="inputEmployee2" time="2.547"/>
  <system-out/>
  <testcase classname="test.userAccessGroupsTESTING" name="saveEmployee2" time="0.945"/>
  <system-out/>
  <testcase classname="test.userAccessGroupsTESTING" name="openAccessGroup2" time="1.439"/>
  <system-out/>
  <testcase classname="test.userAccessGroupsTESTING" name="inputEmployee3" time="2.378"/>
  <system-out/>
  <testcase classname="test.userAccessGroupsTESTING" name="saveEmployee3" time="0.935"/>
  <system-out/>
  <testcase classname="test.userAccessGroupsTESTING" name="openAccessGroup3" time="1.441"/>
  <system-out/>
  <testcase classname="test.userAccessGroupsTESTING" name="inputEmployee4" time="2.392"/>
  <system-out/>
  <testcase classname="test.userAccessGroupsTESTING" name="saveEmployee99" time="0.938"/>
  <system-out/>
  <testcase classname="test.userAccessGroupsTESTING" name="openAccessGroup99" time="1.429"/>
  <system-out/>
  <testcase classname="test.userAccessGroupsTESTING" name="addNexusUser_0" time="0.868"/>
  <system-out/>
  <testcase classname="test.userAccessGroupsTESTING" name="confirmNo" time="0.735"/>
  <system-out/>
  <testcase classname="test.userAccessGroupsTESTING" name="addNexusUser_0_2" time="0.846"/>
  <system-out/>
  <testcase classname="test.userAccessGroupsTESTING" name="confirmYes" time="0.748"/>
  <system-out/>
  <testcase classname="test.userAccessGroupsTESTING" name="openAccessGroup4" time="1.438"/>
  <system-out/>
  <testcase classname="test.userAccessGroupsTESTING" name="addNexusUser_1" time="0.861"/>
  <system-out/>
  <testcase classname="test.userAccessGroupsTESTING" name="confirmYes2" time="0.736"/>
  <system-out/>
  <testcase classname="test.userAccessGroupsTESTING" name="openAccessGroup5" time="1.422"/>
  <system-out/>
  <testcase classname="test.userAccessGroupsTESTING" name="addNexusUser_2" time="0.843"/>
  <system-out/>
  <testcase classname="test.userAccessGroupsTESTING" name="confirmYes3" time="0.848"/>
  <system-out/>
  <testcase classname="test.userAccessGroupsTESTING" name="openAccessGroup6" time="1.438"/>
  <system-out/>
  <testcase classname="test.userAccessGroupsTESTING" name="deleteUser_0" time="0.835"/>
  <system-out/>
  <testcase classname="test.userAccessGroupsTESTING" name="confirmNo2" time="0.739"/>
  <system-out/>
  <testcase classname="test.userAccessGroupsTESTING" name="deleteUser_0_1" time="0.856"/>
  <system-out/>
  <testcase classname="test.userAccessGroupsTESTING" name="confirmYes4" time="0.748"/>
  <system-out/>
  <testcase classname="test.userAccessGroupsTESTING" name="openAccessGroup7" time="1.423"/>
  <system-out/>
  <testcase classname="test.userAccessGroupsTESTING" name="deleteUser_1" time="0.864"/>
  <system-out/>
  <testcase classname="test.userAccessGroupsTESTING" name="confirmYes5" time="0.733"/>
  <system-out/>
  <testcase classname="test.userAccessGroupsTESTING" name="openAccessGroup8" time="1.436"/>
  <system-out/>
  <testcase classname="test.userAccessGroupsTESTING" name="deleteUser_3" time="0.857"/>
  <system-out/>
  <testcase classname="test.userAccessGroupsTESTING" name="confirmYes6" time="0.739"/>
  <system-out/>
  <testcase classname="test.userAccessGroupsTESTING" name="openAccessGroup12" time="1.430"/>
  <system-out/>
  <testcase classname="test.userAccessGroupsTESTING" name="ShowHideInactive" time="0.856"/>
  <system-out/>
  <testcase classname="test.userAccessGroupsTESTING" name="reactivateMember_0" time="0.845"/>
  <system-out/>
  <testcase classname="test.userAccessGroupsTESTING" name="confirmReactivateMember_0" time="0.733"/>
  <system-out/>
  <testcase classname="test.userAccessGroupsTESTING" name="openAccessGroup9" time="1.433"/>
  <system-out/>
  <testcase classname="test.userAccessGroupsTESTING" name="ShowHideInactive2" time="0.862"/>
  <system-out/>
  <testcase classname="test.userAccessGroupsTESTING" name="reactivateMember_1" time="0.843"/>
  <system-out/>
  <testcase classname="test.userAccessGroupsTESTING" name="confirmReactivate" time="0.736"/>
  <system-out/>
  <testcase classname="test.userAccessGroupsTESTING" name="openAccessGroup10" time="1.427"/>
  <system-out/>
  <testcase classname="test.userAccessGroupsTESTING" name="ShowHideInactive3" time="0.844"/>
  <system-out/>
  <testcase classname="test.userAccessGroupsTESTING" name="pruneMember_3" time="0.856"/>
  <system-out/>
  <testcase classname="test.userAccessGroupsTESTING" name="confirmReactivate1" time="0.733"/>
  <system-out/>
  <testcase classname="test.userAccessGroupsTESTING" name="openAccessGroup11" time="1.436"/>
  <system-out/>
  <testcase classname="test.userAccessGroupsTESTING" name="getElementID" time="2.917"/>
  <system-out/>
  <testcase classname="test.userAccessGroupsTESTING" name="closeDownMainPortal1" time="0.764"/>
  <system-out/>
  <testcase classname="test.userAccessGroupsTESTING" name="createNexusDriver1" time="5.340"/>
  <system-out/>
  <testcase classname="test.userAccessGroupsTESTING" name="clickAddUserInNexus" time="3.265"/>
  <system-out/>
  <testcase classname="test.userAccessGroupsTESTING" name="selectSearchEmployeesOnly" time="0.942"/>
  <system-out/>
  <testcase classname="test.userAccessGroupsTESTING" name="inputNexusEmployee" time="1.776"/>
  <system-out/>
  <testcase classname="test.userAccessGroupsTESTING" name="saveNexusEmployee" time="0.499"/>
  <system-out/>
  <testcase classname="test.userAccessGroupsTESTING" name="clickAddUserInNexus2" time="2.450"/>
  <system-out/>
  <testcase classname="test.userAccessGroupsTESTING" name="selectSearchEmployeesOnly2" time="0.954"/>
  <system-out/>
  <testcase classname="test.userAccessGroupsTESTING" name="inputNexusEmployee2" time="1.839"/>
  <system-out/>
  <testcase classname="test.userAccessGroupsTESTING" name="saveNexusEmployee2" time="0.471"/>
  <system-out/>
  <testcase classname="test.userAccessGroupsTESTING" name="clickAddUserInNexus3" time="2.582"/>
  <system-out/>
  <testcase classname="test.userAccessGroupsTESTING" name="selectSearchEmployeesOnly3" time="0.939"/>
  <system-out/>
  <testcase classname="test.userAccessGroupsTESTING" name="inputNexusEmployee3" time="1.707"/>
  <system-out/>
  <testcase classname="test.userAccessGroupsTESTING" name="saveNexusEmployee3" time="0.467"/>
  <system-out/>
  <testcase classname="test.userAccessGroupsTESTING" name="selectMemberPosition1" time="2.899"/>
  <system-out/>
  <testcase classname="test.userAccessGroupsTESTING" name="clickAssignBackup" time="1.551"/>
  <system-out/>
  <testcase classname="test.userAccessGroupsTESTING" name="addBackupPosition1" time="1.848"/>
  <system-out/>
  <testcase classname="test.userAccessGroupsTESTING" name="saveBackup" time="0.467"/>
  <system-out/>
  <testcase classname="test.userAccessGroupsTESTING" name="navigateNexusBack" time="0.302"/>
  <system-out/>
  <testcase classname="test.userAccessGroupsTESTING" name="selectMemberPosition2" time="2.912"/>
  <system-out/>
  <testcase classname="test.userAccessGroupsTESTING" name="clickAssignBackup2" time="1.533"/>
  <system-out/>
  <testcase classname="test.userAccessGroupsTESTING" name="addBackupPosition2" time="1.733"/>
  <system-out/>
  <testcase classname="test.userAccessGroupsTESTING" name="saveBackup2" time="0.472"/>
  <system-out/>
  <testcase classname="test.userAccessGroupsTESTING" name="navigateNexusBack0" time="0.372"/>
  <system-out/>
  <testcase classname="test.userAccessGroupsTESTING" name="selectMemberPosition1_2" time="2.915"/>
  <system-out/>
  <testcase classname="test.userAccessGroupsTESTING" name="clickRemoveBackup" time="1.564"/>
  <system-out/>
  <testcase classname="test.userAccessGroupsTESTING" name="saveRemoveBackup" time="0.844"/>
  <system-out/>
  <testcase classname="test.userAccessGroupsTESTING" name="navigateNexusBackTwice" time="0.585"/>
  <system-out/>
  <testcase classname="test.userAccessGroupsTESTING" name="selectMemberPosition1_3" time="3.814"/>
  <system-out/>
  <testcase classname="test.userAccessGroupsTESTING" name="navigateNexusBack1" time="0.441"/>
  <system-out/>
  <testcase classname="test.userAccessGroupsTESTING" name="selectMemberPosition2_2" time="2.800"/>
  <system-out/>
  <testcase classname="test.userAccessGroupsTESTING" name="clickRemoveBackup2" time="1.565"/>
  <system-out/>
  <testcase classname="test.userAccessGroupsTESTING" name="saveRemoveBackup2" time="0.843"/>
  <system-out/>
  <testcase classname="test.userAccessGroupsTESTING" name="navigateNexusBackTwice2" time="0.698"/>
  <system-out/>
  <testcase classname="test.userAccessGroupsTESTING" name="selectMemberPosition2_3" time="3.820"/>
  <system-out/>
  <testcase classname="test.userAccessGroupsTESTING" name="navigateNexusBack2" time="0.292"/>
  <system-out/>
  <testcase classname="test.userAccessGroupsTESTING" name="closeDownNexus1" time="0.837"/>
  <system-out/>
</testsuite> <!-- test.userAccessGroupsTESTING -->
