<?xml version="1.0" encoding="UTF-8"?>
<!-- Generated by org.testng.reporters.JUnitReportReporter -->
<testsuite hostname="DESKTOP-OOHKJP3" failures="0" tests="92" name="test.java.userAccessGroup.userAccessGroups" time="128.801" errors="0" timestamp="2023-09-19T09:21:48 CDT" skipped="0">
  <testcase classname="test.java.userAccessGroup.userAccessGroups" name="testForCertPage" time="1.536"/>
  <system-out/>
  <testcase classname="test.java.userAccessGroup.userAccessGroups" name="createUserAccessGroup" time="1.337"/>
  <system-out/>
  <testcase classname="test.java.userAccessGroup.userAccessGroups" name="inputGroupName" time="1.888"/>
  <system-out/>
  <testcase classname="test.java.userAccessGroup.userAccessGroups" name="cancelCreateUserGroup" time="0.810"/>
  <system-out/>
  <testcase classname="test.java.userAccessGroup.userAccessGroups" name="createUserAccessGroup2" time="0.746"/>
  <system-out/>
  <testcase classname="test.java.userAccessGroup.userAccessGroups" name="inputGroupName2" time="1.915"/>
  <system-out/>
  <testcase classname="test.java.userAccessGroup.userAccessGroups" name="saveUserGroup" time="0.939"/>
  <system-out/>
  <testcase classname="test.java.userAccessGroup.userAccessGroups" name="openAccessGroup" time="1.456"/>
  <system-out/>
  <testcase classname="test.java.userAccessGroup.userAccessGroups" name="inputEmployee" time="3.106"/>
  <system-out/>
  <testcase classname="test.java.userAccessGroup.userAccessGroups" name="saveEmployee" time="0.958"/>
  <system-out/>
  <testcase classname="test.java.userAccessGroup.userAccessGroups" name="openAccessGroup1" time="1.456"/>
  <system-out/>
  <testcase classname="test.java.userAccessGroup.userAccessGroups" name="inputEmployee2" time="2.928"/>
  <system-out/>
  <testcase classname="test.java.userAccessGroup.userAccessGroups" name="saveEmployee2" time="0.933"/>
  <system-out/>
  <testcase classname="test.java.userAccessGroup.userAccessGroups" name="openAccessGroup2" time="1.430"/>
  <system-out/>
  <testcase classname="test.java.userAccessGroup.userAccessGroups" name="inputEmployee3" time="2.895"/>
  <system-out/>
  <testcase classname="test.java.userAccessGroup.userAccessGroups" name="saveEmployee3" time="0.942"/>
  <system-out/>
  <testcase classname="test.java.userAccessGroup.userAccessGroups" name="openAccessGroup3" time="1.444"/>
  <system-out/>
  <testcase classname="test.java.userAccessGroup.userAccessGroups" name="inputEmployee4" time="2.389"/>
  <system-out/>
  <testcase classname="test.java.userAccessGroup.userAccessGroups" name="saveEmployee99" time="0.955"/>
  <system-out/>
  <testcase classname="test.java.userAccessGroup.userAccessGroups" name="openAccessGroup99" time="1.435"/>
  <system-out/>
  <testcase classname="test.java.userAccessGroup.userAccessGroups" name="addNexusUser_0" time="0.869"/>
  <system-out/>
  <testcase classname="test.java.userAccessGroup.userAccessGroups" name="confirmNo" time="0.730"/>
  <system-out/>
  <testcase classname="test.java.userAccessGroup.userAccessGroups" name="addNexusUser_0_2" time="0.842"/>
  <system-out/>
  <testcase classname="test.java.userAccessGroup.userAccessGroups" name="confirmYes" time="0.751"/>
  <system-out/>
  <testcase classname="test.java.userAccessGroup.userAccessGroups" name="openAccessGroup4" time="1.433"/>
  <system-out/>
  <testcase classname="test.java.userAccessGroup.userAccessGroups" name="addNexusUser_1" time="0.874"/>
  <system-out/>
  <testcase classname="test.java.userAccessGroup.userAccessGroups" name="confirmYes2" time="0.752"/>
  <system-out/>
  <testcase classname="test.java.userAccessGroup.userAccessGroups" name="openAccessGroup5" time="1.438"/>
  <system-out/>
  <testcase classname="test.java.userAccessGroup.userAccessGroups" name="addNexusUser_2" time="0.958"/>
  <system-out/>
  <testcase classname="test.java.userAccessGroup.userAccessGroups" name="confirmYes3" time="0.845"/>
  <system-out/>
  <testcase classname="test.java.userAccessGroup.userAccessGroups" name="openAccessGroup6" time="1.420"/>
  <system-out/>
  <testcase classname="test.java.userAccessGroup.userAccessGroups" name="deleteUser_0" time="0.845"/>
  <system-out/>
  <testcase classname="test.java.userAccessGroup.userAccessGroups" name="confirmNo2" time="0.747"/>
  <system-out/>
  <testcase classname="test.java.userAccessGroup.userAccessGroups" name="deleteUser_0_1" time="0.838"/>
  <system-out/>
  <testcase classname="test.java.userAccessGroup.userAccessGroups" name="confirmYes4" time="0.801"/>
  <system-out/>
  <testcase classname="test.java.userAccessGroup.userAccessGroups" name="openAccessGroup7" time="1.431"/>
  <system-out/>
  <testcase classname="test.java.userAccessGroup.userAccessGroups" name="deleteUser_1" time="0.853"/>
  <system-out/>
  <testcase classname="test.java.userAccessGroup.userAccessGroups" name="confirmYes5" time="0.735"/>
  <system-out/>
  <testcase classname="test.java.userAccessGroup.userAccessGroups" name="openAccessGroup8" time="1.437"/>
  <system-out/>
  <testcase classname="test.java.userAccessGroup.userAccessGroups" name="deleteUser_3" time="0.841"/>
  <system-out/>
  <testcase classname="test.java.userAccessGroup.userAccessGroups" name="confirmYes6" time="0.743"/>
  <system-out/>
  <testcase classname="test.java.userAccessGroup.userAccessGroups" name="openAccessGroup12" time="1.432"/>
  <system-out/>
  <testcase classname="test.java.userAccessGroup.userAccessGroups" name="ShowHideInactive" time="0.854"/>
  <system-out/>
  <testcase classname="test.java.userAccessGroup.userAccessGroups" name="reactivateMember_0" time="0.838"/>
  <system-out/>
  <testcase classname="test.java.userAccessGroup.userAccessGroups" name="confirmReactivateMember_0" time="0.737"/>
  <system-out/>
  <testcase classname="test.java.userAccessGroup.userAccessGroups" name="openAccessGroup9" time="1.429"/>
  <system-out/>
  <testcase classname="test.java.userAccessGroup.userAccessGroups" name="ShowHideInactive2" time="0.844"/>
  <system-out/>
  <testcase classname="test.java.userAccessGroup.userAccessGroups" name="reactivateMember_1" time="0.840"/>
  <system-out/>
  <testcase classname="test.java.userAccessGroup.userAccessGroups" name="confirmReactivate" time="0.733"/>
  <system-out/>
  <testcase classname="test.java.userAccessGroup.userAccessGroups" name="openAccessGroup10" time="1.431"/>
  <system-out/>
  <testcase classname="test.java.userAccessGroup.userAccessGroups" name="ShowHideInactive3" time="0.843"/>
  <system-out/>
  <testcase classname="test.java.userAccessGroup.userAccessGroups" name="pruneMember_3" time="0.836"/>
  <system-out/>
  <testcase classname="test.java.userAccessGroup.userAccessGroups" name="confirmReactivate1" time="0.743"/>
  <system-out/>
  <testcase classname="test.java.userAccessGroup.userAccessGroups" name="openAccessGroup11" time="1.433"/>
  <system-out/>
  <testcase classname="test.java.userAccessGroup.userAccessGroups" name="getElementID" time="2.923"/>
  <system-out/>
  <testcase classname="test.java.userAccessGroup.userAccessGroups" name="closeDownMainPortal1" time="0.811"/>
  <system-out/>
  <testcase classname="test.java.userAccessGroup.userAccessGroups" name="createNexusDriver1" time="5.288"/>
  <system-out/>
  <testcase classname="test.java.userAccessGroup.userAccessGroups" name="clickAddUserInNexus" time="3.293"/>
  <system-out/>
  <testcase classname="test.java.userAccessGroup.userAccessGroups" name="selectSearchEmployeesOnly" time="0.933"/>
  <system-out/>
  <testcase classname="test.java.userAccessGroup.userAccessGroups" name="inputNexusEmployee" time="1.794"/>
  <system-out/>
  <testcase classname="test.java.userAccessGroup.userAccessGroups" name="saveNexusEmployee" time="0.485"/>
  <system-out/>
  <testcase classname="test.java.userAccessGroup.userAccessGroups" name="clickAddUserInNexus2" time="2.453"/>
  <system-out/>
  <testcase classname="test.java.userAccessGroup.userAccessGroups" name="selectSearchEmployeesOnly2" time="1.042"/>
  <system-out/>
  <testcase classname="test.java.userAccessGroup.userAccessGroups" name="inputNexusEmployee2" time="1.765"/>
  <system-out/>
  <testcase classname="test.java.userAccessGroup.userAccessGroups" name="saveNexusEmployee2" time="0.483"/>
  <system-out/>
  <testcase classname="test.java.userAccessGroup.userAccessGroups" name="clickAddUserInNexus3" time="2.472"/>
  <system-out/>
  <testcase classname="test.java.userAccessGroup.userAccessGroups" name="selectSearchEmployeesOnly3" time="0.957"/>
  <system-out/>
  <testcase classname="test.java.userAccessGroup.userAccessGroups" name="inputNexusEmployee3" time="1.738"/>
  <system-out/>
  <testcase classname="test.java.userAccessGroup.userAccessGroups" name="saveNexusEmployee3" time="0.466"/>
  <system-out/>
  <testcase classname="test.java.userAccessGroup.userAccessGroups" name="selectMemberPosition1" time="3.226"/>
  <system-out/>
  <testcase classname="test.java.userAccessGroup.userAccessGroups" name="clickAssignBackup" time="1.555"/>
  <system-out/>
  <testcase classname="test.java.userAccessGroup.userAccessGroups" name="addBackupPosition1" time="1.846"/>
  <system-out/>
  <testcase classname="test.java.userAccessGroup.userAccessGroups" name="saveBackup" time="0.466"/>
  <system-out/>
  <testcase classname="test.java.userAccessGroup.userAccessGroups" name="navigateNexusBack" time="0.343"/>
  <system-out/>
  <testcase classname="test.java.userAccessGroup.userAccessGroups" name="selectMemberPosition2" time="3.430"/>
  <system-out/>
  <testcase classname="test.java.userAccessGroup.userAccessGroups" name="clickAssignBackup2" time="1.555"/>
  <system-out/>
  <testcase classname="test.java.userAccessGroup.userAccessGroups" name="addBackupPosition2" time="1.742"/>
  <system-out/>
  <testcase classname="test.java.userAccessGroup.userAccessGroups" name="saveBackup2" time="0.472"/>
  <system-out/>
  <testcase classname="test.java.userAccessGroup.userAccessGroups" name="navigateNexusBack0" time="0.378"/>
  <system-out/>
  <testcase classname="test.java.userAccessGroup.userAccessGroups" name="selectMemberPosition1_2" time="2.923"/>
  <system-out/>
  <testcase classname="test.java.userAccessGroup.userAccessGroups" name="clickRemoveBackup" time="1.592"/>
  <system-out/>
  <testcase classname="test.java.userAccessGroup.userAccessGroups" name="saveRemoveBackup" time="0.838"/>
  <system-out/>
  <testcase classname="test.java.userAccessGroup.userAccessGroups" name="navigateNexusBackTwice" time="0.630"/>
  <system-out/>
  <testcase classname="test.java.userAccessGroup.userAccessGroups" name="selectMemberPosition1_3" time="3.887"/>
  <system-out/>
  <testcase classname="test.java.userAccessGroup.userAccessGroups" name="navigateNexusBack1" time="0.394"/>
  <system-out/>
  <testcase classname="test.java.userAccessGroup.userAccessGroups" name="selectMemberPosition2_2" time="3.294"/>
  <system-out/>
  <testcase classname="test.java.userAccessGroup.userAccessGroups" name="clickRemoveBackup2" time="1.547"/>
  <system-out/>
  <testcase classname="test.java.userAccessGroup.userAccessGroups" name="saveRemoveBackup2" time="0.841"/>
  <system-out/>
  <testcase classname="test.java.userAccessGroup.userAccessGroups" name="navigateNexusBackTwice2" time="0.671"/>
  <system-out/>
  <testcase classname="test.java.userAccessGroup.userAccessGroups" name="selectMemberPosition2_3" time="4.442"/>
  <system-out/>
  <testcase classname="test.java.userAccessGroup.userAccessGroups" name="navigateNexusBack2" time="0.280"/>
  <system-out/>
  <testcase classname="test.java.userAccessGroup.userAccessGroups" name="closeDownNexus1" time="0.872"/>
  <system-out/>
</testsuite> <!-- test.java.userAccessGroup.userAccessGroups -->
