<?xml version="1.0" encoding="UTF-8"?>
<!-- Generated by org.testng.reporters.JUnitReportReporter -->
<testsuite hostname="docker-desktop" failures="0" tests="4" name="test.java.formWorkflow.formWorkflow_Test" time="114.648" errors="0" timestamp="2024-04-02T21:45:08 GMT" skipped="0">
  <testcase classname="test.java.formWorkflow.formWorkflow_Test" name="editCollaborators" time="33.672"/>
  <system-out/>
  <testcase classname="test.java.formWorkflow.formWorkflow_Test" name="addSectionHeadings" time="25.645"/>
  <system-out/>
  <testcase classname="test.java.formWorkflow.formWorkflow_Test" name="CreateAndDeleteForm" time="20.124"/>
  <system-out/>
  <testcase classname="test.java.formWorkflow.formWorkflow_Test" name="EditProperties" time="35.207"/>
  <system-out/>
</testsuite> <!-- test.java.formWorkflow.formWorkflow_Test -->
