<?xml version="1.0" encoding="UTF-8"?>
<!-- Generated by org.testng.reporters.JUnitReportReporter -->
<testsuite hostname="DESKTOP-OOHKJP3" failures="0" tests="15" name="Execution.userAccessGroupsTESTING" time="22.135" errors="0" timestamp="2023-09-07T16:36:45 CDT" skipped="0">
  <testcase classname="Execution.userAccessGroupsTESTING" name="testForCertPage" time="1.508"/>
  <system-out/>
  <testcase classname="Execution.userAccessGroupsTESTING" name="getElementID" time="2.965"/>
  <system-out/>
  <testcase classname="Execution.userAccessGroupsTESTING" name="createNexusDriver1" time="5.470"/>
  <system-out/>
  <testcase classname="Execution.userAccessGroupsTESTING" name="clickAddUserInNexus" time="1.680"/>
  <system-out/>
  <testcase classname="Execution.userAccessGroupsTESTING" name="selectSearchEmployeesOnly" time="0.729"/>
  <system-out/>
  <testcase classname="Execution.userAccessGroupsTESTING" name="inputNexusEmployee" time="1.609"/>
  <system-out/>
  <testcase classname="Execution.userAccessGroupsTESTING" name="saveNexusEmployee" time="0.475"/>
  <system-out/>
  <testcase classname="Execution.userAccessGroupsTESTING" name="clickAddUserInNexus2" time="0.944"/>
  <system-out/>
  <testcase classname="Execution.userAccessGroupsTESTING" name="selectSearchEmployeesOnly2" time="0.725"/>
  <system-out/>
  <testcase classname="Execution.userAccessGroupsTESTING" name="inputNexusEmployee2" time="1.667"/>
  <system-out/>
  <testcase classname="Execution.userAccessGroupsTESTING" name="saveNexusEmployee2" time="0.475"/>
  <system-out/>
  <testcase classname="Execution.userAccessGroupsTESTING" name="clickAddUserInNexus3" time="0.967"/>
  <system-out/>
  <testcase classname="Execution.userAccessGroupsTESTING" name="selectSearchEmployeesOnly3" time="0.738"/>
  <system-out/>
  <testcase classname="Execution.userAccessGroupsTESTING" name="inputNexusEmployee3" time="1.728"/>
  <system-out/>
  <testcase classname="Execution.userAccessGroupsTESTING" name="saveNexusEmployee3" time="0.455"/>
  <system-out/>
</testsuite> <!-- Execution.userAccessGroupsTESTING -->
