<?xml version="1.0" encoding="UTF-8"?>
<!-- Generated by org.testng.reporters.JUnitReportReporter -->
<testsuite hostname="DESKTOP-OOHKJP3" failures="0" tests="37" name="Execution.userAccessGroupsTESTING" time="60.554" errors="0" timestamp="2023-09-13T12:41:08 CDT" skipped="0">
  <testcase classname="Execution.userAccessGroupsTESTING" name="testForCertPage" time="1.526"/>
  <system-out/>
  <testcase classname="Execution.userAccessGroupsTESTING" name="getElementID" time="2.925"/>
  <system-out/>
  <testcase classname="Execution.userAccessGroupsTESTING" name="createNexusDriver1" time="5.350"/>
  <system-out/>
  <testcase classname="Execution.userAccessGroupsTESTING" name="clickAddUserInNexus" time="3.150"/>
  <system-out/>
  <testcase classname="Execution.userAccessGroupsTESTING" name="selectSearchEmployeesOnly" time="0.922"/>
  <system-out/>
  <testcase classname="Execution.userAccessGroupsTESTING" name="inputNexusEmployee" time="1.617"/>
  <system-out/>
  <testcase classname="Execution.userAccessGroupsTESTING" name="saveNexusEmployee" time="0.492"/>
  <system-out/>
  <testcase classname="Execution.userAccessGroupsTESTING" name="clickAddUserInNexus2" time="2.444"/>
  <system-out/>
  <testcase classname="Execution.userAccessGroupsTESTING" name="selectSearchEmployeesOnly2" time="0.904"/>
  <system-out/>
  <testcase classname="Execution.userAccessGroupsTESTING" name="inputNexusEmployee2" time="1.727"/>
  <system-out/>
  <testcase classname="Execution.userAccessGroupsTESTING" name="saveNexusEmployee2" time="0.452"/>
  <system-out/>
  <testcase classname="Execution.userAccessGroupsTESTING" name="clickAddUserInNexus3" time="2.435"/>
  <system-out/>
  <testcase classname="Execution.userAccessGroupsTESTING" name="selectSearchEmployeesOnly3" time="0.907"/>
  <system-out/>
  <testcase classname="Execution.userAccessGroupsTESTING" name="inputNexusEmployee3" time="1.554"/>
  <system-out/>
  <testcase classname="Execution.userAccessGroupsTESTING" name="saveNexusEmployee3" time="0.453"/>
  <system-out/>
  <testcase classname="Execution.userAccessGroupsTESTING" name="selectMemberPosition1" time="2.874"/>
  <system-out/>
  <testcase classname="Execution.userAccessGroupsTESTING" name="clickAssignBackup" time="1.526"/>
  <system-out/>
  <testcase classname="Execution.userAccessGroupsTESTING" name="addBackupPosition1" time="1.659"/>
  <system-out/>
  <testcase classname="Execution.userAccessGroupsTESTING" name="saveBackup" time="0.446"/>
  <system-out/>
  <testcase classname="Execution.userAccessGroupsTESTING" name="navigateNexusBack" time="0.297"/>
  <system-out/>
  <testcase classname="Execution.userAccessGroupsTESTING" name="selectMemberPosition2" time="2.877"/>
  <system-out/>
  <testcase classname="Execution.userAccessGroupsTESTING" name="clickAssignBackup2" time="1.527"/>
  <system-out/>
  <testcase classname="Execution.userAccessGroupsTESTING" name="addBackupPosition2" time="1.566"/>
  <system-out/>
  <testcase classname="Execution.userAccessGroupsTESTING" name="saveBackup2" time="0.448"/>
  <system-out/>
  <testcase classname="Execution.userAccessGroupsTESTING" name="navigateNexusBack0" time="0.289"/>
  <system-out/>
  <testcase classname="Execution.userAccessGroupsTESTING" name="selectMemberPosition1_2" time="2.918"/>
  <system-out/>
  <testcase classname="Execution.userAccessGroupsTESTING" name="clickRemoveBackup" time="1.538"/>
  <system-out/>
  <testcase classname="Execution.userAccessGroupsTESTING" name="saveRemoveBackup" time="0.824"/>
  <system-out/>
  <testcase classname="Execution.userAccessGroupsTESTING" name="navigateNexusBackTwice" time="0.611"/>
  <system-out/>
  <testcase classname="Execution.userAccessGroupsTESTING" name="selectMemberPosition1_3" time="3.801"/>
  <system-out/>
  <testcase classname="Execution.userAccessGroupsTESTING" name="navigateNexusBack1" time="0.406"/>
  <system-out/>
  <testcase classname="Execution.userAccessGroupsTESTING" name="selectMemberPosition2_2" time="2.945"/>
  <system-out/>
  <testcase classname="Execution.userAccessGroupsTESTING" name="clickRemoveBackup2" time="1.536"/>
  <system-out/>
  <testcase classname="Execution.userAccessGroupsTESTING" name="saveRemoveBackup2" time="0.800"/>
  <system-out/>
  <testcase classname="Execution.userAccessGroupsTESTING" name="navigateNexusBackTwice2" time="0.585"/>
  <system-out/>
  <testcase classname="Execution.userAccessGroupsTESTING" name="selectMemberPosition2_3" time="3.933"/>
  <system-out/>
  <testcase classname="Execution.userAccessGroupsTESTING" name="navigateNexusBack2" time="0.290"/>
  <system-out/>
</testsuite> <!-- Execution.userAccessGroupsTESTING -->
