<?xml version="1.0" encoding="UTF-8"?>
<!-- Generated by org.testng.reporters.JUnitReportReporter -->
<testsuite hostname="DESKTOP-OOHKJP3" failures="0" tests="55" name="Execution.userAccessGroups" time="65.649" errors="0" timestamp="2023-09-13T11:17:45 CDT" skipped="0">
  <testcase classname="Execution.userAccessGroups" name="testForCertPage" time="1.548"/>
  <system-out/>
  <testcase classname="Execution.userAccessGroups" name="createUserAccessGroup" time="1.339"/>
  <system-out/>
  <testcase classname="Execution.userAccessGroups" name="inputGroupName" time="1.933"/>
  <system-out/>
  <testcase classname="Execution.userAccessGroups" name="cancelCreateUserGroup" time="0.815"/>
  <system-out/>
  <testcase classname="Execution.userAccessGroups" name="createUserAccessGroup2" time="0.747"/>
  <system-out/>
  <testcase classname="Execution.userAccessGroups" name="inputGroupName2" time="1.925"/>
  <system-out/>
  <testcase classname="Execution.userAccessGroups" name="saveUserGroup" time="0.945"/>
  <system-out/>
  <testcase classname="Execution.userAccessGroups" name="openAccessGroup" time="1.446"/>
  <system-out/>
  <testcase classname="Execution.userAccessGroups" name="inputEmployee" time="2.631"/>
  <system-out/>
  <testcase classname="Execution.userAccessGroups" name="saveEmployee" time="0.958"/>
  <system-out/>
  <testcase classname="Execution.userAccessGroups" name="openAccessGroup1" time="1.443"/>
  <system-out/>
  <testcase classname="Execution.userAccessGroups" name="inputEmployee2" time="2.456"/>
  <system-out/>
  <testcase classname="Execution.userAccessGroups" name="saveEmployee2" time="0.946"/>
  <system-out/>
  <testcase classname="Execution.userAccessGroups" name="openAccessGroup2" time="1.449"/>
  <system-out/>
  <testcase classname="Execution.userAccessGroups" name="inputEmployee3" time="2.400"/>
  <system-out/>
  <testcase classname="Execution.userAccessGroups" name="saveEmployee3" time="0.950"/>
  <system-out/>
  <testcase classname="Execution.userAccessGroups" name="openAccessGroup3" time="1.446"/>
  <system-out/>
  <testcase classname="Execution.userAccessGroups" name="inputEmployee4" time="2.395"/>
  <system-out/>
  <testcase classname="Execution.userAccessGroups" name="saveEmployee99" time="0.951"/>
  <system-out/>
  <testcase classname="Execution.userAccessGroups" name="openAccessGroup99" time="1.431"/>
  <system-out/>
  <testcase classname="Execution.userAccessGroups" name="addNexusUser_0" time="0.859"/>
  <system-out/>
  <testcase classname="Execution.userAccessGroups" name="confirmNo" time="0.749"/>
  <system-out/>
  <testcase classname="Execution.userAccessGroups" name="addNexusUser_0_2" time="0.859"/>
  <system-out/>
  <testcase classname="Execution.userAccessGroups" name="confirmYes" time="0.756"/>
  <system-out/>
  <testcase classname="Execution.userAccessGroups" name="openAccessGroup4" time="1.436"/>
  <system-out/>
  <testcase classname="Execution.userAccessGroups" name="addNexusUser_1" time="0.844"/>
  <system-out/>
  <testcase classname="Execution.userAccessGroups" name="confirmYes2" time="0.732"/>
  <system-out/>
  <testcase classname="Execution.userAccessGroups" name="openAccessGroup5" time="1.433"/>
  <system-out/>
  <testcase classname="Execution.userAccessGroups" name="addNexusUser_2" time="0.858"/>
  <system-out/>
  <testcase classname="Execution.userAccessGroups" name="confirmYes3" time="0.859"/>
  <system-out/>
  <testcase classname="Execution.userAccessGroups" name="openAccessGroup6" time="1.428"/>
  <system-out/>
  <testcase classname="Execution.userAccessGroups" name="deleteUser_0" time="0.857"/>
  <system-out/>
  <testcase classname="Execution.userAccessGroups" name="confirmNo2" time="0.736"/>
  <system-out/>
  <testcase classname="Execution.userAccessGroups" name="deleteUser_0_1" time="0.861"/>
  <system-out/>
  <testcase classname="Execution.userAccessGroups" name="confirmYes4" time="0.749"/>
  <system-out/>
  <testcase classname="Execution.userAccessGroups" name="openAccessGroup7" time="1.438"/>
  <system-out/>
  <testcase classname="Execution.userAccessGroups" name="deleteUser_1" time="0.860"/>
  <system-out/>
  <testcase classname="Execution.userAccessGroups" name="confirmYes5" time="0.749"/>
  <system-out/>
  <testcase classname="Execution.userAccessGroups" name="openAccessGroup8" time="1.423"/>
  <system-out/>
  <testcase classname="Execution.userAccessGroups" name="deleteUser_3" time="0.843"/>
  <system-out/>
  <testcase classname="Execution.userAccessGroups" name="confirmYes6" time="0.750"/>
  <system-out/>
  <testcase classname="Execution.userAccessGroups" name="openAccessGroup12" time="1.436"/>
  <system-out/>
  <testcase classname="Execution.userAccessGroups" name="ShowHideInactive" time="0.844"/>
  <system-out/>
  <testcase classname="Execution.userAccessGroups" name="reactivateMember_0" time="0.842"/>
  <system-out/>
  <testcase classname="Execution.userAccessGroups" name="confirmReactivateMember_0" time="0.738"/>
  <system-out/>
  <testcase classname="Execution.userAccessGroups" name="openAccessGroup9" time="1.438"/>
  <system-out/>
  <testcase classname="Execution.userAccessGroups" name="ShowHideInactive2" time="0.842"/>
  <system-out/>
  <testcase classname="Execution.userAccessGroups" name="reactivateMember_1" time="0.841"/>
  <system-out/>
  <testcase classname="Execution.userAccessGroups" name="confirmReactivate" time="0.733"/>
  <system-out/>
  <testcase classname="Execution.userAccessGroups" name="openAccessGroup10" time="1.440"/>
  <system-out/>
  <testcase classname="Execution.userAccessGroups" name="ShowHideInactive3" time="0.837"/>
  <system-out/>
  <testcase classname="Execution.userAccessGroups" name="pruneMember_3" time="0.842"/>
  <system-out/>
  <testcase classname="Execution.userAccessGroups" name="confirmReactivate1" time="0.732"/>
  <system-out/>
  <testcase classname="Execution.userAccessGroups" name="openAccessGroup11" time="1.438"/>
  <system-out/>
  <testcase classname="Execution.userAccessGroups" name="getElementID" time="2.413"/>
  <system-out/>
</testsuite> <!-- Execution.userAccessGroups -->
