<?xml version="1.0" encoding="UTF-8"?>
<!-- Generated by org.testng.reporters.JUnitReportReporter -->
<testsuite hostname="DESKTOP-OOHKJP3" failures="0" tests="24" name="Execution.userAccessGroupsPart2" time="42.022" errors="0" timestamp="2023-09-19T09:21:48 CDT" skipped="0">
  <testcase classname="Execution.userAccessGroupsPart2" name="testForCertPage" time="1.500"/>
  <system-out/>
  <testcase classname="Execution.userAccessGroupsPart2" name="scrollDown" time="2.019"/>
  <system-out/>
  <testcase classname="Execution.userAccessGroupsPart2" name="syncServices" time="1.908"/>
  <system-out/>
  <testcase classname="Execution.userAccessGroupsPart2" name="gotoAdminPanel" time="3.469"/>
  <system-out/>
  <testcase classname="Execution.userAccessGroupsPart2" name="navigateAdminBack" time="0.237"/>
  <system-out/>
  <testcase classname="Execution.userAccessGroupsPart2" name="scrollUp" time="1.528"/>
  <system-out/>
  <testcase classname="Execution.userAccessGroupsPart2" name="openUserAccessGroups" time="2.864"/>
  <system-out/>
  <testcase classname="Execution.userAccessGroupsPart2" name="getElementID" time="3.905"/>
  <system-out/>
  <testcase classname="Execution.userAccessGroupsPart2" name="closeDownMainPortal1" time="1.201"/>
  <system-out/>
  <testcase classname="Execution.userAccessGroupsPart2" name="createNexusDriver1" time="5.414"/>
  <system-out/>
  <testcase classname="Execution.userAccessGroupsPart2" name="deleteNexusUser6" time="1.583"/>
  <system-out/>
  <testcase classname="Execution.userAccessGroupsPart2" name="confirmYes" time="1.039"/>
  <system-out/>
  <testcase classname="Execution.userAccessGroupsPart2" name="deleteNexusUser5" time="1.559"/>
  <system-out/>
  <testcase classname="Execution.userAccessGroupsPart2" name="confirmYes5" time="1.090"/>
  <system-out/>
  <testcase classname="Execution.userAccessGroupsPart2" name="deleteNexusUser4" time="1.553"/>
  <system-out/>
  <testcase classname="Execution.userAccessGroupsPart2" name="confirmYes4" time="1.043"/>
  <system-out/>
  <testcase classname="Execution.userAccessGroupsPart2" name="deleteNexusUser3" time="1.600"/>
  <system-out/>
  <testcase classname="Execution.userAccessGroupsPart2" name="confirmYes3" time="1.072"/>
  <system-out/>
  <testcase classname="Execution.userAccessGroupsPart2" name="deleteNexusUser2" time="1.565"/>
  <system-out/>
  <testcase classname="Execution.userAccessGroupsPart2" name="confirmYes2" time="1.045"/>
  <system-out/>
  <testcase classname="Execution.userAccessGroupsPart2" name="deleteNexusUser1" time="1.559"/>
  <system-out/>
  <testcase classname="Execution.userAccessGroupsPart2" name="confirmYes1" time="1.047"/>
  <system-out/>
  <testcase classname="Execution.userAccessGroupsPart2" name="DELETE_GROUP" time="1.444"/>
  <system-out/>
  <testcase classname="Execution.userAccessGroupsPart2" name="closeDownNexus1" time="0.778"/>
  <system-out/>
</testsuite> <!-- Execution.userAccessGroupsPart2 -->
