<?xml version="1.0" encoding="UTF-8"?>
<!-- Generated by org.testng.reporters.JUnitReportReporter -->
<testsuite hostname="DESKTOP-OOHKJP3" failures="0" tests="8" name="Execution.userAccessGroupsPart2" time="13.143" errors="0" timestamp="2023-09-13T08:30:45 CDT" skipped="0">
  <testcase classname="Execution.userAccessGroupsPart2" name="testForCertPage" time="1.469"/>
  <system-out/>
  <testcase classname="Execution.userAccessGroupsPart2" name="scrollDown" time="2.012"/>
  <system-out/>
  <testcase classname="Execution.userAccessGroupsPart2" name="syncServices" time="1.760"/>
  <system-out/>
  <testcase classname="Execution.userAccessGroupsPart2" name="gotoAdminPanel" time="3.413"/>
  <system-out/>
  <testcase classname="Execution.userAccessGroupsPart2" name="navigateAdminBack" time="0.211"/>
  <system-out/>
  <testcase classname="Execution.userAccessGroupsPart2" name="openUserAccessGroups" time="1.855"/>
  <system-out/>
  <testcase classname="Execution.userAccessGroupsPart2" name="scrollUp" time="1.010"/>
  <system-out/>
  <testcase classname="Execution.userAccessGroupsPart2" name="openAccessGroup" time="1.413"/>
  <system-out/>
</testsuite> <!-- Execution.userAccessGroupsPart2 -->
