<?xml version="1.0" encoding="UTF-8"?>
<!-- Generated by org.testng.reporters.JUnitReportReporter -->
<testsuite hostname="DESKTOP-OOHKJP3" failures="0" tests="36" name="Execution.serviceChiefs" time="63.011" errors="0" timestamp="2023-09-15T12:00:17 CDT" skipped="0">
  <testcase classname="Execution.serviceChiefs" name="testForCertPage" time="1.555"/>
  <system-out/>
  <testcase classname="Execution.serviceChiefs" name="clickSetupWizard" time="3.396"/>
  <system-out/>
  <testcase classname="Execution.serviceChiefs" name="clickExecLeadershipTeam" time="2.577"/>
  <system-out/>
  <testcase classname="Execution.serviceChiefs" name="clickCreateELT" time="1.076"/>
  <system-out/>
  <testcase classname="Execution.serviceChiefs" name="enterNameOfService" time="3.671"/>
  <system-out/>
  <testcase classname="Execution.serviceChiefs" name="enterPositionTitle" time="2.025"/>
  <system-out/>
  <testcase classname="Execution.serviceChiefs" name="inputEmployeeName" time="2.440"/>
  <system-out/>
  <testcase classname="Execution.serviceChiefs" name="saveSCGroup" time="0.377"/>
  <system-out/>
  <testcase classname="Execution.serviceChiefs" name="createNexusDriver1" time="8.259"/>
  <system-out/>
  <testcase classname="Execution.serviceChiefs" name="scrollDownNexus" time="2.012"/>
  <system-out/>
  <testcase classname="Execution.serviceChiefs" name="syncServices" time="1.962"/>
  <system-out/>
  <testcase classname="Execution.serviceChiefs" name="navigateNexusBack" time="0.435"/>
  <system-out/>
  <testcase classname="Execution.serviceChiefs" name="scrollUpNexus" time="1.535"/>
  <system-out/>
  <testcase classname="Execution.serviceChiefs" name="clickServiceChiefs" time="1.989"/>
  <system-out/>
  <testcase classname="Execution.serviceChiefs" name="openSCGroup" time="1.475"/>
  <system-out/>
  <testcase classname="Execution.serviceChiefs" name="inputEmployee" time="3.184"/>
  <system-out/>
  <testcase classname="Execution.serviceChiefs" name="saveSCGroupNexus" time="0.509"/>
  <system-out/>
  <testcase classname="Execution.serviceChiefs" name="openSCGroup1" time="1.443"/>
  <system-out/>
  <testcase classname="Execution.serviceChiefs" name="inputEmployee_2" time="2.799"/>
  <system-out/>
  <testcase classname="Execution.serviceChiefs" name="saveSCGroupNexus2" time="0.478"/>
  <system-out/>
  <testcase classname="Execution.serviceChiefs" name="openSCGroup2" time="1.423"/>
  <system-out/>
  <testcase classname="Execution.serviceChiefs" name="deleteUser_0" time="1.444"/>
  <system-out/>
  <testcase classname="Execution.serviceChiefs" name="confirmYesNexus" time="0.970"/>
  <system-out/>
  <testcase classname="Execution.serviceChiefs" name="openSCGroup3" time="1.436"/>
  <system-out/>
  <testcase classname="Execution.serviceChiefs" name="deleteUser_1" time="1.441"/>
  <system-out/>
  <testcase classname="Execution.serviceChiefs" name="confirmYesNexus2" time="0.940"/>
  <system-out/>
  <testcase classname="Execution.serviceChiefs" name="openSCGroup4" time="1.414"/>
  <system-out/>
  <testcase classname="Execution.serviceChiefs" name="ShowHideInactive" time="1.037"/>
  <system-out/>
  <testcase classname="Execution.serviceChiefs" name="pruneMember_0" time="1.531"/>
  <system-out/>
  <testcase classname="Execution.serviceChiefs" name="confirmYesNexus3" time="0.955"/>
  <system-out/>
  <testcase classname="Execution.serviceChiefs" name="openSCGroup5" time="1.414"/>
  <system-out/>
  <testcase classname="Execution.serviceChiefs" name="ShowHideInactive2" time="1.031"/>
  <system-out/>
  <testcase classname="Execution.serviceChiefs" name="pruneMember_0_1" time="1.446"/>
  <system-out/>
  <testcase classname="Execution.serviceChiefs" name="confirmYesNexus4" time="0.945"/>
  <system-out/>
  <testcase classname="Execution.serviceChiefs" name="openSCGroup6" time="1.928"/>
  <system-out/>
  <testcase classname="Execution.serviceChiefs" name="saveSCGroupNexus3" time="0.459"/>
  <system-out/>
</testsuite> <!-- Execution.serviceChiefs -->
