<?xml version="1.0" encoding="UTF-8"?>
<!-- Generated by org.testng.reporters.JUnitReportReporter -->
<testsuite hostname="DESKTOP-OOHKJP3" failures="0" tests="92" name="Execution.userAccessGroups" time="125.575" errors="0" timestamp="2023-09-15T12:11:06 CDT" skipped="0">
  <testcase classname="Execution.userAccessGroups" name="testForCertPage" time="1.568"/>
  <system-out/>
  <testcase classname="Execution.userAccessGroups" name="createUserAccessGroup" time="1.349"/>
  <system-out/>
  <testcase classname="Execution.userAccessGroups" name="inputGroupName" time="1.963"/>
  <system-out/>
  <testcase classname="Execution.userAccessGroups" name="cancelCreateUserGroup" time="0.834"/>
  <system-out/>
  <testcase classname="Execution.userAccessGroups" name="createUserAccessGroup2" time="0.746"/>
  <system-out/>
  <testcase classname="Execution.userAccessGroups" name="inputGroupName2" time="1.905"/>
  <system-out/>
  <testcase classname="Execution.userAccessGroups" name="saveUserGroup" time="0.940"/>
  <system-out/>
  <testcase classname="Execution.userAccessGroups" name="openAccessGroup" time="1.450"/>
  <system-out/>
  <testcase classname="Execution.userAccessGroups" name="inputEmployee" time="2.592"/>
  <system-out/>
  <testcase classname="Execution.userAccessGroups" name="saveEmployee" time="0.944"/>
  <system-out/>
  <testcase classname="Execution.userAccessGroups" name="openAccessGroup1" time="1.444"/>
  <system-out/>
  <testcase classname="Execution.userAccessGroups" name="inputEmployee2" time="2.495"/>
  <system-out/>
  <testcase classname="Execution.userAccessGroups" name="saveEmployee2" time="0.936"/>
  <system-out/>
  <testcase classname="Execution.userAccessGroups" name="openAccessGroup2" time="1.433"/>
  <system-out/>
  <testcase classname="Execution.userAccessGroups" name="inputEmployee3" time="2.431"/>
  <system-out/>
  <testcase classname="Execution.userAccessGroups" name="saveEmployee3" time="0.945"/>
  <system-out/>
  <testcase classname="Execution.userAccessGroups" name="openAccessGroup3" time="1.447"/>
  <system-out/>
  <testcase classname="Execution.userAccessGroups" name="inputEmployee4" time="2.415"/>
  <system-out/>
  <testcase classname="Execution.userAccessGroups" name="saveEmployee99" time="0.948"/>
  <system-out/>
  <testcase classname="Execution.userAccessGroups" name="openAccessGroup99" time="1.427"/>
  <system-out/>
  <testcase classname="Execution.userAccessGroups" name="addNexusUser_0" time="0.868"/>
  <system-out/>
  <testcase classname="Execution.userAccessGroups" name="confirmNo" time="0.734"/>
  <system-out/>
  <testcase classname="Execution.userAccessGroups" name="addNexusUser_0_2" time="0.841"/>
  <system-out/>
  <testcase classname="Execution.userAccessGroups" name="confirmYes" time="0.759"/>
  <system-out/>
  <testcase classname="Execution.userAccessGroups" name="openAccessGroup4" time="1.434"/>
  <system-out/>
  <testcase classname="Execution.userAccessGroups" name="addNexusUser_1" time="0.840"/>
  <system-out/>
  <testcase classname="Execution.userAccessGroups" name="confirmYes2" time="0.749"/>
  <system-out/>
  <testcase classname="Execution.userAccessGroups" name="openAccessGroup5" time="1.419"/>
  <system-out/>
  <testcase classname="Execution.userAccessGroups" name="addNexusUser_2" time="0.849"/>
  <system-out/>
  <testcase classname="Execution.userAccessGroups" name="confirmYes3" time="0.855"/>
  <system-out/>
  <testcase classname="Execution.userAccessGroups" name="openAccessGroup6" time="1.434"/>
  <system-out/>
  <testcase classname="Execution.userAccessGroups" name="deleteUser_0" time="0.842"/>
  <system-out/>
  <testcase classname="Execution.userAccessGroups" name="confirmNo2" time="0.734"/>
  <system-out/>
  <testcase classname="Execution.userAccessGroups" name="deleteUser_0_1" time="0.839"/>
  <system-out/>
  <testcase classname="Execution.userAccessGroups" name="confirmYes4" time="0.748"/>
  <system-out/>
  <testcase classname="Execution.userAccessGroups" name="openAccessGroup7" time="1.431"/>
  <system-out/>
  <testcase classname="Execution.userAccessGroups" name="deleteUser_1" time="0.854"/>
  <system-out/>
  <testcase classname="Execution.userAccessGroups" name="confirmYes5" time="0.733"/>
  <system-out/>
  <testcase classname="Execution.userAccessGroups" name="openAccessGroup8" time="1.438"/>
  <system-out/>
  <testcase classname="Execution.userAccessGroups" name="deleteUser_3" time="0.840"/>
  <system-out/>
  <testcase classname="Execution.userAccessGroups" name="confirmYes6" time="0.734"/>
  <system-out/>
  <testcase classname="Execution.userAccessGroups" name="openAccessGroup12" time="1.436"/>
  <system-out/>
  <testcase classname="Execution.userAccessGroups" name="ShowHideInactive" time="0.845"/>
  <system-out/>
  <testcase classname="Execution.userAccessGroups" name="reactivateMember_0" time="0.842"/>
  <system-out/>
  <testcase classname="Execution.userAccessGroups" name="confirmReactivateMember_0" time="0.736"/>
  <system-out/>
  <testcase classname="Execution.userAccessGroups" name="openAccessGroup9" time="1.431"/>
  <system-out/>
  <testcase classname="Execution.userAccessGroups" name="ShowHideInactive2" time="0.843"/>
  <system-out/>
  <testcase classname="Execution.userAccessGroups" name="reactivateMember_1" time="0.840"/>
  <system-out/>
  <testcase classname="Execution.userAccessGroups" name="confirmReactivate" time="0.732"/>
  <system-out/>
  <testcase classname="Execution.userAccessGroups" name="openAccessGroup10" time="1.442"/>
  <system-out/>
  <testcase classname="Execution.userAccessGroups" name="ShowHideInactive3" time="0.839"/>
  <system-out/>
  <testcase classname="Execution.userAccessGroups" name="pruneMember_3" time="0.838"/>
  <system-out/>
  <testcase classname="Execution.userAccessGroups" name="confirmReactivate1" time="0.732"/>
  <system-out/>
  <testcase classname="Execution.userAccessGroups" name="openAccessGroup11" time="1.433"/>
  <system-out/>
  <testcase classname="Execution.userAccessGroups" name="getElementID" time="2.971"/>
  <system-out/>
  <testcase classname="Execution.userAccessGroups" name="closeDownMainPortal1" time="0.765"/>
  <system-out/>
  <testcase classname="Execution.userAccessGroups" name="createNexusDriver1" time="5.375"/>
  <system-out/>
  <testcase classname="Execution.userAccessGroups" name="clickAddUserInNexus" time="3.192"/>
  <system-out/>
  <testcase classname="Execution.userAccessGroups" name="selectSearchEmployeesOnly" time="0.936"/>
  <system-out/>
  <testcase classname="Execution.userAccessGroups" name="inputNexusEmployee" time="1.782"/>
  <system-out/>
  <testcase classname="Execution.userAccessGroups" name="saveNexusEmployee" time="0.486"/>
  <system-out/>
  <testcase classname="Execution.userAccessGroups" name="clickAddUserInNexus2" time="2.445"/>
  <system-out/>
  <testcase classname="Execution.userAccessGroups" name="selectSearchEmployeesOnly2" time="0.927"/>
  <system-out/>
  <testcase classname="Execution.userAccessGroups" name="inputNexusEmployee2" time="1.801"/>
  <system-out/>
  <testcase classname="Execution.userAccessGroups" name="saveNexusEmployee2" time="0.472"/>
  <system-out/>
  <testcase classname="Execution.userAccessGroups" name="clickAddUserInNexus3" time="2.446"/>
  <system-out/>
  <testcase classname="Execution.userAccessGroups" name="selectSearchEmployeesOnly3" time="0.931"/>
  <system-out/>
  <testcase classname="Execution.userAccessGroups" name="inputNexusEmployee3" time="1.746"/>
  <system-out/>
  <testcase classname="Execution.userAccessGroups" name="saveNexusEmployee3" time="0.470"/>
  <system-out/>
  <testcase classname="Execution.userAccessGroups" name="selectMemberPosition1" time="2.987"/>
  <system-out/>
  <testcase classname="Execution.userAccessGroups" name="clickAssignBackup" time="1.550"/>
  <system-out/>
  <testcase classname="Execution.userAccessGroups" name="addBackupPosition1" time="1.841"/>
  <system-out/>
  <testcase classname="Execution.userAccessGroups" name="saveBackup" time="0.482"/>
  <system-out/>
  <testcase classname="Execution.userAccessGroups" name="navigateNexusBack" time="0.369"/>
  <system-out/>
  <testcase classname="Execution.userAccessGroups" name="selectMemberPosition2" time="2.895"/>
  <system-out/>
  <testcase classname="Execution.userAccessGroups" name="clickAssignBackup2" time="1.563"/>
  <system-out/>
  <testcase classname="Execution.userAccessGroups" name="addBackupPosition2" time="1.742"/>
  <system-out/>
  <testcase classname="Execution.userAccessGroups" name="saveBackup2" time="0.468"/>
  <system-out/>
  <testcase classname="Execution.userAccessGroups" name="navigateNexusBack0" time="0.328"/>
  <system-out/>
  <testcase classname="Execution.userAccessGroups" name="selectMemberPosition1_2" time="2.935"/>
  <system-out/>
  <testcase classname="Execution.userAccessGroups" name="clickRemoveBackup" time="1.574"/>
  <system-out/>
  <testcase classname="Execution.userAccessGroups" name="saveRemoveBackup" time="0.838"/>
  <system-out/>
  <testcase classname="Execution.userAccessGroups" name="navigateNexusBackTwice" time="0.577"/>
  <system-out/>
  <testcase classname="Execution.userAccessGroups" name="selectMemberPosition1_3" time="3.912"/>
  <system-out/>
  <testcase classname="Execution.userAccessGroups" name="navigateNexusBack1" time="0.522"/>
  <system-out/>
  <testcase classname="Execution.userAccessGroups" name="selectMemberPosition2_2" time="2.903"/>
  <system-out/>
  <testcase classname="Execution.userAccessGroups" name="clickRemoveBackup2" time="1.581"/>
  <system-out/>
  <testcase classname="Execution.userAccessGroups" name="saveRemoveBackup2" time="0.841"/>
  <system-out/>
  <testcase classname="Execution.userAccessGroups" name="navigateNexusBackTwice2" time="0.728"/>
  <system-out/>
  <testcase classname="Execution.userAccessGroups" name="selectMemberPosition2_3" time="3.877"/>
  <system-out/>
  <testcase classname="Execution.userAccessGroups" name="navigateNexusBack2" time="0.287"/>
  <system-out/>
  <testcase classname="Execution.userAccessGroups" name="closeDownNexus1" time="0.854"/>
  <system-out/>
</testsuite> <!-- Execution.userAccessGroups -->
