<?xml version="1.0" encoding="UTF-8"?>
<!-- Generated by org.testng.reporters.JUnitReportReporter -->
<testsuite hostname="DESKTOP-OOHKJP3" failures="0" tests="44" name="Execution.userAccessGroups" time="56.906" errors="0" timestamp="2023-09-01T10:51:43 CDT" skipped="0">
  <testcase classname="Execution.userAccessGroups" name="testForCertPage" time="1.768"/>
  <system-out/>
  <testcase classname="Execution.userAccessGroups" name="createUserAccessGroup" time="1.440"/>
  <system-out/>
  <testcase classname="Execution.userAccessGroups" name="inputGroupName" time="2.086"/>
  <system-out/>
  <testcase classname="Execution.userAccessGroups" name="cancelCreateUserGroup" time="0.996"/>
  <system-out/>
  <testcase classname="Execution.userAccessGroups" name="createUserAccessGroup2" time="0.792"/>
  <system-out/>
  <testcase classname="Execution.userAccessGroups" name="inputGroupName2" time="2.072"/>
  <system-out/>
  <testcase classname="Execution.userAccessGroups" name="saveUserGroup" time="1.176"/>
  <system-out/>
  <testcase classname="Execution.userAccessGroups" name="openAccessGroup" time="1.453"/>
  <system-out/>
  <testcase classname="Execution.userAccessGroups" name="inputEmployee" time="2.261"/>
  <system-out/>
  <testcase classname="Execution.userAccessGroups" name="saveEmployee" time="1.295"/>
  <system-out/>
  <testcase classname="Execution.userAccessGroups" name="openAccessGroup1" time="1.463"/>
  <system-out/>
  <testcase classname="Execution.userAccessGroups" name="inputEmployee2" time="2.465"/>
  <system-out/>
  <testcase classname="Execution.userAccessGroups" name="saveEmployee2" time="1.282"/>
  <system-out/>
  <testcase classname="Execution.userAccessGroups" name="openAccessGroup2" time="1.580"/>
  <system-out/>
  <testcase classname="Execution.userAccessGroups" name="inputEmployee3" time="2.335"/>
  <system-out/>
  <testcase classname="Execution.userAccessGroups" name="saveEmployee3" time="1.262"/>
  <system-out/>
  <testcase classname="Execution.userAccessGroups" name="openAccessGroup3" time="1.568"/>
  <system-out/>
  <testcase classname="Execution.userAccessGroups" name="addNexusUser_0" time="0.984"/>
  <system-out/>
  <testcase classname="Execution.userAccessGroups" name="confirmNo" time="0.884"/>
  <system-out/>
  <testcase classname="Execution.userAccessGroups" name="addNexusUser_0_2" time="1.024"/>
  <system-out/>
  <testcase classname="Execution.userAccessGroups" name="confirmYes" time="0.867"/>
  <system-out/>
  <testcase classname="Execution.userAccessGroups" name="openAccessGroup4" time="1.502"/>
  <system-out/>
  <testcase classname="Execution.userAccessGroups" name="addNexusUser_1" time="0.898"/>
  <system-out/>
  <testcase classname="Execution.userAccessGroups" name="confirmYes2" time="0.876"/>
  <system-out/>
  <testcase classname="Execution.userAccessGroups" name="openAccessGroup5" time="1.619"/>
  <system-out/>
  <testcase classname="Execution.userAccessGroups" name="addNexusUser_2" time="0.887"/>
  <system-out/>
  <testcase classname="Execution.userAccessGroups" name="confirmYes3" time="1.010"/>
  <system-out/>
  <testcase classname="Execution.userAccessGroups" name="openAccessGroup6" time="1.554"/>
  <system-out/>
  <testcase classname="Execution.userAccessGroups" name="deleteUser_0" time="1.014"/>
  <system-out/>
  <testcase classname="Execution.userAccessGroups" name="confirmNo2" time="0.965"/>
  <system-out/>
  <testcase classname="Execution.userAccessGroups" name="deleteUser_0_1" time="0.993"/>
  <system-out/>
  <testcase classname="Execution.userAccessGroups" name="confirmYes4" time="0.812"/>
  <system-out/>
  <testcase classname="Execution.userAccessGroups" name="openAccessGroup7" time="1.498"/>
  <system-out/>
  <testcase classname="Execution.userAccessGroups" name="deleteUser_1" time="0.915"/>
  <system-out/>
  <testcase classname="Execution.userAccessGroups" name="confirmYes5" time="0.867"/>
  <system-out/>
  <testcase classname="Execution.userAccessGroups" name="openAccessGroup8" time="1.586"/>
  <system-out/>
  <testcase classname="Execution.userAccessGroups" name="ShowHideInactive" time="0.920"/>
  <system-out/>
  <testcase classname="Execution.userAccessGroups" name="reactivateMember_0" time="0.909"/>
  <system-out/>
  <testcase classname="Execution.userAccessGroups" name="confirmReactivateMember_0" time="0.978"/>
  <system-out/>
  <testcase classname="Execution.userAccessGroups" name="openAccessGroup9" time="1.594"/>
  <system-out/>
  <testcase classname="Execution.userAccessGroups" name="ShowHideInactive2" time="0.888"/>
  <system-out/>
  <testcase classname="Execution.userAccessGroups" name="reactivateMember_1" time="0.976"/>
  <system-out/>
  <testcase classname="Execution.userAccessGroups" name="confirmReactivate" time="0.978"/>
  <system-out/>
  <testcase classname="Execution.userAccessGroups" name="openAccessGroup10" time="1.614"/>
  <system-out/>
</testsuite> <!-- Execution.userAccessGroups -->
