<?xml version="1.0" encoding="UTF-8"?>
<!-- Generated by org.testng.reporters.JUnitReportReporter -->
<testsuite hostname="DESKTOP-OOHKJP3" failures="0" tests="26" name="Execution.userAccessGroupsTESTING" time="42.953" errors="0" timestamp="2023-09-12T13:35:12 CDT" skipped="0">
  <testcase classname="Execution.userAccessGroupsTESTING" name="testForCertPage" time="1.546"/>
  <system-out/>
  <testcase classname="Execution.userAccessGroupsTESTING" name="getElementID" time="2.928"/>
  <system-out/>
  <testcase classname="Execution.userAccessGroupsTESTING" name="closeDownMainPortal1" time="0.793"/>
  <system-out/>
  <testcase classname="Execution.userAccessGroupsTESTING" name="createNexusDriver1" time="5.329"/>
  <system-out/>
  <testcase classname="Execution.userAccessGroupsTESTING" name="clickAddUserInNexus" time="2.716"/>
  <system-out/>
  <testcase classname="Execution.userAccessGroupsTESTING" name="selectSearchEmployeesOnly" time="0.967"/>
  <system-out/>
  <testcase classname="Execution.userAccessGroupsTESTING" name="inputNexusEmployee" time="1.791"/>
  <system-out/>
  <testcase classname="Execution.userAccessGroupsTESTING" name="saveNexusEmployee" time="0.464"/>
  <system-out/>
  <testcase classname="Execution.userAccessGroupsTESTING" name="clickAddUserInNexus2" time="1.952"/>
  <system-out/>
  <testcase classname="Execution.userAccessGroupsTESTING" name="selectSearchEmployeesOnly2" time="0.949"/>
  <system-out/>
  <testcase classname="Execution.userAccessGroupsTESTING" name="inputNexusEmployee2" time="1.706"/>
  <system-out/>
  <testcase classname="Execution.userAccessGroupsTESTING" name="saveNexusEmployee2" time="0.462"/>
  <system-out/>
  <testcase classname="Execution.userAccessGroupsTESTING" name="clickAddUserInNexus3" time="1.968"/>
  <system-out/>
  <testcase classname="Execution.userAccessGroupsTESTING" name="selectSearchEmployeesOnly3" time="0.982"/>
  <system-out/>
  <testcase classname="Execution.userAccessGroupsTESTING" name="inputNexusEmployee3" time="1.736"/>
  <system-out/>
  <testcase classname="Execution.userAccessGroupsTESTING" name="saveNexusEmployee3" time="0.473"/>
  <system-out/>
  <testcase classname="Execution.userAccessGroupsTESTING" name="selectMemberPosition1" time="3.943"/>
  <system-out/>
  <testcase classname="Execution.userAccessGroupsTESTING" name="clickAssignBackup" time="1.555"/>
  <system-out/>
  <testcase classname="Execution.userAccessGroupsTESTING" name="addBackupPosition1" time="1.873"/>
  <system-out/>
  <testcase classname="Execution.userAccessGroupsTESTING" name="saveBackup" time="0.466"/>
  <system-out/>
  <testcase classname="Execution.userAccessGroupsTESTING" name="navigateNexusBack" time="0.328"/>
  <system-out/>
  <testcase classname="Execution.userAccessGroupsTESTING" name="selectMemberPosition2" time="3.943"/>
  <system-out/>
  <testcase classname="Execution.userAccessGroupsTESTING" name="clickAssignBackup2" time="1.556"/>
  <system-out/>
  <testcase classname="Execution.userAccessGroupsTESTING" name="addBackupPosition2" time="1.724"/>
  <system-out/>
  <testcase classname="Execution.userAccessGroupsTESTING" name="saveBackup2" time="0.468"/>
  <system-out/>
  <testcase classname="Execution.userAccessGroupsTESTING" name="navigateNexusBack2" time="0.335"/>
  <system-out/>
</testsuite> <!-- Execution.userAccessGroupsTESTING -->
