<?xml version="1.0" encoding="UTF-8"?>
<!-- Generated by org.testng.reporters.JUnitReportReporter -->
<testsuite hostname="DESKTOP-D340AE5" failures="0" tests="132" name="test.java.formWorkflow.formsWorkflowPart2" time="-1709110400.000" errors="1" timestamp="2024-02-28T02:54:41 CST" skipped="131">
  <testcase classname="test.java.formWorkflow.formsWorkflowPart2" name="initializeFramework" time="-1709110400.000">
    <error message="
Parameter &#039;browser&#039; is required by BeforeClass on method initializeFramework but has not been marked @Optional or defined
in C:\Users\Shaila\AppData\Local\Temp\testng-eclipse-1567704004\testng-customsuite.xml" type="org.testng.TestNGException">
      <![CDATA[org.testng.TestNGException: 
Parameter 'browser' is required by BeforeClass on method initializeFramework but has not been marked @Optional or defined
in C:\Users\Shaila\AppData\Local\Temp\testng-eclipse-1567704004\testng-customsuite.xml
at org.testng.internal.Parameters.createParams(Parameters.java:268)
at org.testng.internal.Parameters.createParametersForMethod(Parameters.java:356)
at org.testng.internal.Parameters.createParameters(Parameters.java:700)
at org.testng.internal.Parameters.createConfigurationParameters(Parameters.java:166)
at org.testng.internal.ConfigInvoker.invokeConfigurations(ConfigInvoker.java:301)
at org.testng.internal.TestMethodWorker.invokeBeforeClassMethods(TestMethodWorker.java:176)
at org.testng.internal.TestMethodWorker.run(TestMethodWorker.java:122)
at java.base/java.util.ArrayList.forEach(ArrayList.java:1541)
at org.testng.TestRunner.privateRun(TestRunner.java:764)
at org.testng.TestRunner.run(TestRunner.java:585)
at org.testng.SuiteRunner.runTest(SuiteRunner.java:384)
at org.testng.SuiteRunner.runSequentially(SuiteRunner.java:378)
at org.testng.SuiteRunner.privateRun(SuiteRunner.java:337)
at org.testng.SuiteRunner.run(SuiteRunner.java:286)
at org.testng.SuiteRunnerWorker.runSuite(SuiteRunnerWorker.java:53)
at org.testng.SuiteRunnerWorker.run(SuiteRunnerWorker.java:96)
at org.testng.TestNG.runSuitesSequentially(TestNG.java:1218)
at org.testng.TestNG.runSuitesLocally(TestNG.java:1140)
at org.testng.TestNG.runSuites(TestNG.java:1069)
at org.testng.TestNG.run(TestNG.java:1037)
at org.testng.remote.AbstractRemoteTestNG.run(AbstractRemoteTestNG.java:115)
at org.testng.remote.RemoteTestNG.initAndRun(RemoteTestNG.java:251)
at org.testng.remote.RemoteTestNG.main(RemoteTestNG.java:77)
]]>
    </error>
  </testcase> <!-- initializeFramework -->
  <system-out/>
  <testcase classname="test.java.formWorkflow.formsWorkflowPart2" name="testForCertPage" time="0.000">
    <skipped/>
  </testcase> <!-- testForCertPage -->
  <system-out/>
  <testcase classname="test.java.formWorkflow.formsWorkflowPart2" name="initializePOM" time="0.000">
    <skipped/>
  </testcase> <!-- initializePOM -->
  <system-out/>
  <testcase classname="test.java.formWorkflow.formsWorkflowPart2" name="selectCurrentFormByXpath" time="0.000">
    <skipped/>
  </testcase> <!-- selectCurrentFormByXpath -->
  <system-out/>
  <testcase classname="test.java.formWorkflow.formsWorkflowPart2" name="selectAddSectionHeading02" time="0.000">
    <skipped/>
  </testcase> <!-- selectAddSectionHeading02 -->
  <system-out/>
  <testcase classname="test.java.formWorkflow.formsWorkflowPart2" name="inputFieldName02" time="0.000">
    <skipped/>
  </testcase> <!-- inputFieldName02 -->
  <system-out/>
  <testcase classname="test.java.formWorkflow.formsWorkflowPart2" name="inputShortLabel02" time="0.000">
    <skipped/>
  </testcase> <!-- inputShortLabel02 -->
  <system-out/>
  <testcase classname="test.java.formWorkflow.formsWorkflowPart2" name="selectNumericTypeField" time="0.000">
    <skipped/>
  </testcase> <!-- selectNumericTypeField -->
  <system-out/>
  <testcase classname="test.java.formWorkflow.formsWorkflowPart2" name="inputDefaultAnswer02" time="0.000">
    <skipped/>
  </testcase> <!-- inputDefaultAnswer02 -->
  <system-out/>
  <testcase classname="test.java.formWorkflow.formsWorkflowPart2" name="selectFieldRequired02" time="0.000">
    <skipped/>
  </testcase> <!-- selectFieldRequired02 -->
  <system-out/>
  <testcase classname="test.java.formWorkflow.formsWorkflowPart2" name="selectFieldSensitiveData02" time="0.000">
    <skipped/>
  </testcase> <!-- selectFieldSensitiveData02 -->
  <system-out/>
  <testcase classname="test.java.formWorkflow.formsWorkflowPart2" name="selectSortValue02" time="0.000">
    <skipped/>
  </testcase> <!-- selectSortValue02 -->
  <system-out/>
  <testcase classname="test.java.formWorkflow.formsWorkflowPart2" name="selectQuestionSave02" time="0.000">
    <skipped/>
  </testcase> <!-- selectQuestionSave02 -->
  <system-out/>
  <testcase classname="test.java.formWorkflow.formsWorkflowPart2" name="editQuestionQ2" time="0.000">
    <skipped/>
  </testcase> <!-- editQuestionQ2 -->
  <system-out/>
  <testcase classname="test.java.formWorkflow.formsWorkflowPart2" name="selectDeleteQuestion" time="0.000">
    <skipped/>
  </testcase> <!-- selectDeleteQuestion -->
  <system-out/>
  <testcase classname="test.java.formWorkflow.formsWorkflowPart2" name="selectQuestionSave03" time="0.000">
    <skipped/>
  </testcase> <!-- selectQuestionSave03 -->
  <system-out/>
  <testcase classname="test.java.formWorkflow.formsWorkflowPart2" name="selectRestoreFields" time="0.000">
    <skipped/>
  </testcase> <!-- selectRestoreFields -->
  <system-out/>
  <testcase classname="test.java.formWorkflow.formsWorkflowPart2" name="selectDataToRestore" time="0.000">
    <skipped/>
  </testcase> <!-- selectDataToRestore -->
  <system-out/>
  <testcase classname="test.java.formWorkflow.formsWorkflowPart2" name="selectCurrentFormByXpath02" time="0.000">
    <skipped/>
  </testcase> <!-- selectCurrentFormByXpath02 -->
  <system-out/>
  <testcase classname="test.java.formWorkflow.formsWorkflowPart2" name="addSubQuestionQ2S01" time="0.000">
    <skipped/>
  </testcase> <!-- addSubQuestionQ2S01 -->
  <system-out/>
  <testcase classname="test.java.formWorkflow.formsWorkflowPart2" name="inputFieldNameQ2S01" time="0.000">
    <skipped/>
  </testcase> <!-- inputFieldNameQ2S01 -->
  <system-out/>
  <testcase classname="test.java.formWorkflow.formsWorkflowPart2" name="inputShortLabelQ2S01" time="0.000">
    <skipped/>
  </testcase> <!-- inputShortLabelQ2S01 -->
  <system-out/>
  <testcase classname="test.java.formWorkflow.formsWorkflowPart2" name="selectTypeDateQ2S01" time="0.000">
    <skipped/>
  </testcase> <!-- selectTypeDateQ2S01 -->
  <system-out/>
  <testcase classname="test.java.formWorkflow.formsWorkflowPart2" name="inputDefaultAnswerQ2S01" time="0.000">
    <skipped/>
  </testcase> <!-- inputDefaultAnswerQ2S01 -->
  <system-out/>
  <testcase classname="test.java.formWorkflow.formsWorkflowPart2" name="selectFieldRequiredQ2S01" time="0.000">
    <skipped/>
  </testcase> <!-- selectFieldRequiredQ2S01 -->
  <system-out/>
  <testcase classname="test.java.formWorkflow.formsWorkflowPart2" name="selectFieldSensitiveDataQ2S01" time="0.000">
    <skipped/>
  </testcase> <!-- selectFieldSensitiveDataQ2S01 -->
  <system-out/>
  <testcase classname="test.java.formWorkflow.formsWorkflowPart2" name="selectSortValueQ2S01" time="0.000">
    <skipped/>
  </testcase> <!-- selectSortValueQ2S01 -->
  <system-out/>
  <testcase classname="test.java.formWorkflow.formsWorkflowPart2" name="selectQuestionSaveQ2S01" time="0.000">
    <skipped/>
  </testcase> <!-- selectQuestionSaveQ2S01 -->
  <system-out/>
  <testcase classname="test.java.formWorkflow.formsWorkflowPart2" name="addSubQuestionQ2S02" time="0.000">
    <skipped/>
  </testcase> <!-- addSubQuestionQ2S02 -->
  <system-out/>
  <testcase classname="test.java.formWorkflow.formsWorkflowPart2" name="inputFieldNameQ2S02" time="0.000">
    <skipped/>
  </testcase> <!-- inputFieldNameQ2S02 -->
  <system-out/>
  <testcase classname="test.java.formWorkflow.formsWorkflowPart2" name="inputShortLabelQ2S02" time="0.000">
    <skipped/>
  </testcase> <!-- inputShortLabelQ2S02 -->
  <system-out/>
  <testcase classname="test.java.formWorkflow.formsWorkflowPart2" name="selectInputTypeQ2S02" time="0.000">
    <skipped/>
  </testcase> <!-- selectInputTypeQ2S02 -->
  <system-out/>
  <testcase classname="test.java.formWorkflow.formsWorkflowPart2" name="populateRadioOptions" time="0.000">
    <skipped/>
  </testcase> <!-- populateRadioOptions -->
  <system-out/>
  <testcase classname="test.java.formWorkflow.formsWorkflowPart2" name="inputDefaultAnswerQ2S02" time="0.000">
    <skipped/>
  </testcase> <!-- inputDefaultAnswerQ2S02 -->
  <system-out/>
  <testcase classname="test.java.formWorkflow.formsWorkflowPart2" name="selectFieldRequiredQ2S02" time="0.000">
    <skipped/>
  </testcase> <!-- selectFieldRequiredQ2S02 -->
  <system-out/>
  <testcase classname="test.java.formWorkflow.formsWorkflowPart2" name="selectFieldSensitiveDataQ2S02" time="0.000">
    <skipped/>
  </testcase> <!-- selectFieldSensitiveDataQ2S02 -->
  <system-out/>
  <testcase classname="test.java.formWorkflow.formsWorkflowPart2" name="selectSortValueQ2S02" time="0.000">
    <skipped/>
  </testcase> <!-- selectSortValueQ2S02 -->
  <system-out/>
  <testcase classname="test.java.formWorkflow.formsWorkflowPart2" name="selectQuestionSaveQ2S02" time="0.000">
    <skipped/>
  </testcase> <!-- selectQuestionSaveQ2S02 -->
  <system-out/>
  <testcase classname="test.java.formWorkflow.formsWorkflowPart2" name="addSubQuestionQ2S03" time="0.000">
    <skipped/>
  </testcase> <!-- addSubQuestionQ2S03 -->
  <system-out/>
  <testcase classname="test.java.formWorkflow.formsWorkflowPart2" name="inputFieldNameQ2S03" time="0.000">
    <skipped/>
  </testcase> <!-- inputFieldNameQ2S03 -->
  <system-out/>
  <testcase classname="test.java.formWorkflow.formsWorkflowPart2" name="inputShortLabelQ2S03" time="0.000">
    <skipped/>
  </testcase> <!-- inputShortLabelQ2S03 -->
  <system-out/>
  <testcase classname="test.java.formWorkflow.formsWorkflowPart2" name="selectTypeDateQ2S03" time="0.000">
    <skipped/>
  </testcase> <!-- selectTypeDateQ2S03 -->
  <system-out/>
  <testcase classname="test.java.formWorkflow.formsWorkflowPart2" name="populateCheckboxOptions" time="0.000">
    <skipped/>
  </testcase> <!-- populateCheckboxOptions -->
  <system-out/>
  <testcase classname="test.java.formWorkflow.formsWorkflowPart2" name="inputDefaultAnswerQ2S03" time="0.000">
    <skipped/>
  </testcase> <!-- inputDefaultAnswerQ2S03 -->
  <system-out/>
  <testcase classname="test.java.formWorkflow.formsWorkflowPart2" name="selectFieldRequiredQ2S03" time="0.000">
    <skipped/>
  </testcase> <!-- selectFieldRequiredQ2S03 -->
  <system-out/>
  <testcase classname="test.java.formWorkflow.formsWorkflowPart2" name="selectFieldSensitiveDataQ2S03" time="0.000">
    <skipped/>
  </testcase> <!-- selectFieldSensitiveDataQ2S03 -->
  <system-out/>
  <testcase classname="test.java.formWorkflow.formsWorkflowPart2" name="selectSortValueQ2S03" time="0.000">
    <skipped/>
  </testcase> <!-- selectSortValueQ2S03 -->
  <system-out/>
  <testcase classname="test.java.formWorkflow.formsWorkflowPart2" name="selectQuestionSaveQ2S03" time="0.000">
    <skipped/>
  </testcase> <!-- selectQuestionSaveQ2S03 -->
  <system-out/>
  <testcase classname="test.java.formWorkflow.formsWorkflowPart2" name="addSubQuestionQ2S04" time="0.000">
    <skipped/>
  </testcase> <!-- addSubQuestionQ2S04 -->
  <system-out/>
  <testcase classname="test.java.formWorkflow.formsWorkflowPart2" name="inputFieldNameQ2S04" time="0.000">
    <skipped/>
  </testcase> <!-- inputFieldNameQ2S04 -->
  <system-out/>
  <testcase classname="test.java.formWorkflow.formsWorkflowPart2" name="inputShortLabelQ2S04" time="0.000">
    <skipped/>
  </testcase> <!-- inputShortLabelQ2S04 -->
  <system-out/>
  <testcase classname="test.java.formWorkflow.formsWorkflowPart2" name="selectTypeCheckboxes" time="0.000">
    <skipped/>
  </testcase> <!-- selectTypeCheckboxes -->
  <system-out/>
  <testcase classname="test.java.formWorkflow.formsWorkflowPart2" name="populateCheckboxesOptions" time="0.000">
    <skipped/>
  </testcase> <!-- populateCheckboxesOptions -->
  <system-out/>
  <testcase classname="test.java.formWorkflow.formsWorkflowPart2" name="inputDefaultAnswerQ2S04" time="0.000">
    <skipped/>
  </testcase> <!-- inputDefaultAnswerQ2S04 -->
  <system-out/>
  <testcase classname="test.java.formWorkflow.formsWorkflowPart2" name="selectFieldRequiredQ2S04" time="0.000">
    <skipped/>
  </testcase> <!-- selectFieldRequiredQ2S04 -->
  <system-out/>
  <testcase classname="test.java.formWorkflow.formsWorkflowPart2" name="selectFieldSensitiveDataQ2S04" time="0.000">
    <skipped/>
  </testcase> <!-- selectFieldSensitiveDataQ2S04 -->
  <system-out/>
  <testcase classname="test.java.formWorkflow.formsWorkflowPart2" name="selectSortValueQ2S04" time="0.000">
    <skipped/>
  </testcase> <!-- selectSortValueQ2S04 -->
  <system-out/>
  <testcase classname="test.java.formWorkflow.formsWorkflowPart2" name="selectQuestionSaveQ2S04" time="0.000">
    <skipped/>
  </testcase> <!-- selectQuestionSaveQ2S04 -->
  <system-out/>
  <testcase classname="test.java.formWorkflow.formsWorkflowPart2" name="addSubQuestionQ3" time="0.000">
    <skipped/>
  </testcase> <!-- addSubQuestionQ3 -->
  <system-out/>
  <testcase classname="test.java.formWorkflow.formsWorkflowPart2" name="inputFieldNameQ3" time="0.000">
    <skipped/>
  </testcase> <!-- inputFieldNameQ3 -->
  <system-out/>
  <testcase classname="test.java.formWorkflow.formsWorkflowPart2" name="inputShortLabelQ3" time="0.000">
    <skipped/>
  </testcase> <!-- inputShortLabelQ3 -->
  <system-out/>
  <testcase classname="test.java.formWorkflow.formsWorkflowPart2" name="selectTypeMultiselect" time="0.000">
    <skipped/>
  </testcase> <!-- selectTypeMultiselect -->
  <system-out/>
  <testcase classname="test.java.formWorkflow.formsWorkflowPart2" name="populateMultiselectOptions" time="0.000">
    <skipped/>
  </testcase> <!-- populateMultiselectOptions -->
  <system-out/>
  <testcase classname="test.java.formWorkflow.formsWorkflowPart2" name="inputDefaultAnswerQ3" time="0.000">
    <skipped/>
  </testcase> <!-- inputDefaultAnswerQ3 -->
  <system-out/>
  <testcase classname="test.java.formWorkflow.formsWorkflowPart2" name="selectFieldRequiredQ3" time="0.000">
    <skipped/>
  </testcase> <!-- selectFieldRequiredQ3 -->
  <system-out/>
  <testcase classname="test.java.formWorkflow.formsWorkflowPart2" name="selectFieldSensitiveDataQ3" time="0.000">
    <skipped/>
  </testcase> <!-- selectFieldSensitiveDataQ3 -->
  <system-out/>
  <testcase classname="test.java.formWorkflow.formsWorkflowPart2" name="selectSortValueQ3" time="0.000">
    <skipped/>
  </testcase> <!-- selectSortValueQ3 -->
  <system-out/>
  <testcase classname="test.java.formWorkflow.formsWorkflowPart2" name="selectQuestionSaveQ3" time="0.000">
    <skipped/>
  </testcase> <!-- selectQuestionSaveQ3 -->
  <system-out/>
  <testcase classname="test.java.formWorkflow.formsWorkflowPart2" name="addSubQuestionQ3S01" time="0.000">
    <skipped/>
  </testcase> <!-- addSubQuestionQ3S01 -->
  <system-out/>
  <testcase classname="test.java.formWorkflow.formsWorkflowPart2" name="inputFieldNameQ3S01" time="0.000">
    <skipped/>
  </testcase> <!-- inputFieldNameQ3S01 -->
  <system-out/>
  <testcase classname="test.java.formWorkflow.formsWorkflowPart2" name="inputShortLabelQ3S01" time="0.000">
    <skipped/>
  </testcase> <!-- inputShortLabelQ3S01 -->
  <system-out/>
  <testcase classname="test.java.formWorkflow.formsWorkflowPart2" name="selectTypeDropdown" time="0.002">
    <skipped/>
  </testcase> <!-- selectTypeDropdown -->
  <system-out/>
  <testcase classname="test.java.formWorkflow.formsWorkflowPart2" name="populateDropdownOptions" time="0.000">
    <skipped/>
  </testcase> <!-- populateDropdownOptions -->
  <system-out/>
  <testcase classname="test.java.formWorkflow.formsWorkflowPart2" name="inputDefaultAnswerQ3S01" time="0.000">
    <skipped/>
  </testcase> <!-- inputDefaultAnswerQ3S01 -->
  <system-out/>
  <testcase classname="test.java.formWorkflow.formsWorkflowPart2" name="selectFieldRequiredQ3S01" time="0.000">
    <skipped/>
  </testcase> <!-- selectFieldRequiredQ3S01 -->
  <system-out/>
  <testcase classname="test.java.formWorkflow.formsWorkflowPart2" name="selectFieldSensitiveDataQ3S01" time="0.000">
    <skipped/>
  </testcase> <!-- selectFieldSensitiveDataQ3S01 -->
  <system-out/>
  <testcase classname="test.java.formWorkflow.formsWorkflowPart2" name="selectSortValueQ3S01" time="0.000">
    <skipped/>
  </testcase> <!-- selectSortValueQ3S01 -->
  <system-out/>
  <testcase classname="test.java.formWorkflow.formsWorkflowPart2" name="selectQuestionSaveQ3S01" time="0.001">
    <skipped/>
  </testcase> <!-- selectQuestionSaveQ3S01 -->
  <system-out/>
  <testcase classname="test.java.formWorkflow.formsWorkflowPart2" name="addSubQuestionQ3S02" time="0.000">
    <skipped/>
  </testcase> <!-- addSubQuestionQ3S02 -->
  <system-out/>
  <testcase classname="test.java.formWorkflow.formsWorkflowPart2" name="inputFieldNameQ3S02" time="0.000">
    <skipped/>
  </testcase> <!-- inputFieldNameQ3S02 -->
  <system-out/>
  <testcase classname="test.java.formWorkflow.formsWorkflowPart2" name="inputShortLabelQ3S02" time="0.000">
    <skipped/>
  </testcase> <!-- inputShortLabelQ3S02 -->
  <system-out/>
  <testcase classname="test.java.formWorkflow.formsWorkflowPart2" name="selectTypeFileAttachment" time="0.000">
    <skipped/>
  </testcase> <!-- selectTypeFileAttachment -->
  <system-out/>
  <testcase classname="test.java.formWorkflow.formsWorkflowPart2" name="inputDefaultAnswerQ3S02" time="0.000">
    <skipped/>
  </testcase> <!-- inputDefaultAnswerQ3S02 -->
  <system-out/>
  <testcase classname="test.java.formWorkflow.formsWorkflowPart2" name="selectFieldRequiredQ3S02" time="0.000">
    <skipped/>
  </testcase> <!-- selectFieldRequiredQ3S02 -->
  <system-out/>
  <testcase classname="test.java.formWorkflow.formsWorkflowPart2" name="selectFieldSensitiveDataQ3S02" time="0.001">
    <skipped/>
  </testcase> <!-- selectFieldSensitiveDataQ3S02 -->
  <system-out/>
  <testcase classname="test.java.formWorkflow.formsWorkflowPart2" name="selectSortValueQ3S02" time="0.000">
    <skipped/>
  </testcase> <!-- selectSortValueQ3S02 -->
  <system-out/>
  <testcase classname="test.java.formWorkflow.formsWorkflowPart2" name="selectQuestionSaveQ3S02" time="0.000">
    <skipped/>
  </testcase> <!-- selectQuestionSaveQ3S02 -->
  <system-out/>
  <testcase classname="test.java.formWorkflow.formsWorkflowPart2" name="addSubQuestionQ3S03" time="0.000">
    <skipped/>
  </testcase> <!-- addSubQuestionQ3S03 -->
  <system-out/>
  <testcase classname="test.java.formWorkflow.formsWorkflowPart2" name="inputFieldNameQ3S03" time="0.000">
    <skipped/>
  </testcase> <!-- inputFieldNameQ3S03 -->
  <system-out/>
  <testcase classname="test.java.formWorkflow.formsWorkflowPart2" name="inputShortLabelQ3S03" time="0.000">
    <skipped/>
  </testcase> <!-- inputShortLabelQ3S03 -->
  <system-out/>
  <testcase classname="test.java.formWorkflow.formsWorkflowPart2" name="selectTypeImageAttachment" time="0.000">
    <skipped/>
  </testcase> <!-- selectTypeImageAttachment -->
  <system-out/>
  <testcase classname="test.java.formWorkflow.formsWorkflowPart2" name="inputDefaultAnswerQ3S03" time="0.000">
    <skipped/>
  </testcase> <!-- inputDefaultAnswerQ3S03 -->
  <system-out/>
  <testcase classname="test.java.formWorkflow.formsWorkflowPart2" name="selectFieldRequiredQ3S03" time="0.000">
    <skipped/>
  </testcase> <!-- selectFieldRequiredQ3S03 -->
  <system-out/>
  <testcase classname="test.java.formWorkflow.formsWorkflowPart2" name="selectFieldSensitiveDataQ3S03" time="0.000">
    <skipped/>
  </testcase> <!-- selectFieldSensitiveDataQ3S03 -->
  <system-out/>
  <testcase classname="test.java.formWorkflow.formsWorkflowPart2" name="selectSortValueQ3S03" time="0.000">
    <skipped/>
  </testcase> <!-- selectSortValueQ3S03 -->
  <system-out/>
  <testcase classname="test.java.formWorkflow.formsWorkflowPart2" name="selectQuestionSaveQ3S03" time="0.000">
    <skipped/>
  </testcase> <!-- selectQuestionSaveQ3S03 -->
  <system-out/>
  <testcase classname="test.java.formWorkflow.formsWorkflowPart2" name="addSubQuestionQ4" time="0.000">
    <skipped/>
  </testcase> <!-- addSubQuestionQ4 -->
  <system-out/>
  <testcase classname="test.java.formWorkflow.formsWorkflowPart2" name="inputFieldNameQ4" time="0.000">
    <skipped/>
  </testcase> <!-- inputFieldNameQ4 -->
  <system-out/>
  <testcase classname="test.java.formWorkflow.formsWorkflowPart2" name="inputShortLabelQ4" time="0.000">
    <skipped/>
  </testcase> <!-- inputShortLabelQ4 -->
  <system-out/>
  <testcase classname="test.java.formWorkflow.formsWorkflowPart2" name="selectTypeOrgChartGroup" time="0.000">
    <skipped/>
  </testcase> <!-- selectTypeOrgChartGroup -->
  <system-out/>
  <testcase classname="test.java.formWorkflow.formsWorkflowPart2" name="inputDefaultAnswerQ4" time="0.000">
    <skipped/>
  </testcase> <!-- inputDefaultAnswerQ4 -->
  <system-out/>
  <testcase classname="test.java.formWorkflow.formsWorkflowPart2" name="selectFieldRequiredQ4" time="0.000">
    <skipped/>
  </testcase> <!-- selectFieldRequiredQ4 -->
  <system-out/>
  <testcase classname="test.java.formWorkflow.formsWorkflowPart2" name="selectFieldSensitiveDataQ4" time="0.000">
    <skipped/>
  </testcase> <!-- selectFieldSensitiveDataQ4 -->
  <system-out/>
  <testcase classname="test.java.formWorkflow.formsWorkflowPart2" name="selectSortValueQ4" time="0.000">
    <skipped/>
  </testcase> <!-- selectSortValueQ4 -->
  <system-out/>
  <testcase classname="test.java.formWorkflow.formsWorkflowPart2" name="selectQuestionSaveQ4" time="0.000">
    <skipped/>
  </testcase> <!-- selectQuestionSaveQ4 -->
  <system-out/>
  <testcase classname="test.java.formWorkflow.formsWorkflowPart2" name="addSubQuestionQ4S01" time="0.000">
    <skipped/>
  </testcase> <!-- addSubQuestionQ4S01 -->
  <system-out/>
  <testcase classname="test.java.formWorkflow.formsWorkflowPart2" name="inputFieldNameQ4S01" time="0.000">
    <skipped/>
  </testcase> <!-- inputFieldNameQ4S01 -->
  <system-out/>
  <testcase classname="test.java.formWorkflow.formsWorkflowPart2" name="inputShortLabelQ4S01" time="0.000">
    <skipped/>
  </testcase> <!-- inputShortLabelQ4S01 -->
  <system-out/>
  <testcase classname="test.java.formWorkflow.formsWorkflowPart2" name="selectTypeOrgChartPosition" time="0.000">
    <skipped/>
  </testcase> <!-- selectTypeOrgChartPosition -->
  <system-out/>
  <testcase classname="test.java.formWorkflow.formsWorkflowPart2" name="inputDefaultAnswerQ4S01" time="0.000">
    <skipped/>
  </testcase> <!-- inputDefaultAnswerQ4S01 -->
  <system-out/>
  <testcase classname="test.java.formWorkflow.formsWorkflowPart2" name="selectFieldRequiredQ4S01" time="0.000">
    <skipped/>
  </testcase> <!-- selectFieldRequiredQ4S01 -->
  <system-out/>
  <testcase classname="test.java.formWorkflow.formsWorkflowPart2" name="selectFieldSensitiveDataQ4S01" time="0.000">
    <skipped/>
  </testcase> <!-- selectFieldSensitiveDataQ4S01 -->
  <system-out/>
  <testcase classname="test.java.formWorkflow.formsWorkflowPart2" name="selectSortValueQ4S01" time="0.000">
    <skipped/>
  </testcase> <!-- selectSortValueQ4S01 -->
  <system-out/>
  <testcase classname="test.java.formWorkflow.formsWorkflowPart2" name="selectQuestionSaveQ4S01" time="0.000">
    <skipped/>
  </testcase> <!-- selectQuestionSaveQ4S01 -->
  <system-out/>
  <testcase classname="test.java.formWorkflow.formsWorkflowPart2" name="addSubQuestionQ4S02" time="0.000">
    <skipped/>
  </testcase> <!-- addSubQuestionQ4S02 -->
  <system-out/>
  <testcase classname="test.java.formWorkflow.formsWorkflowPart2" name="inputFieldNameQ4S02" time="0.000">
    <skipped/>
  </testcase> <!-- inputFieldNameQ4S02 -->
  <system-out/>
  <testcase classname="test.java.formWorkflow.formsWorkflowPart2" name="inputShortLabelQ4S02" time="0.000">
    <skipped/>
  </testcase> <!-- inputShortLabelQ4S02 -->
  <system-out/>
  <testcase classname="test.java.formWorkflow.formsWorkflowPart2" name="selectTypeOrgChartEmployee" time="0.000">
    <skipped/>
  </testcase> <!-- selectTypeOrgChartEmployee -->
  <system-out/>
  <testcase classname="test.java.formWorkflow.formsWorkflowPart2" name="inputDefaultAnswerQ4S02" time="0.000">
    <skipped/>
  </testcase> <!-- inputDefaultAnswerQ4S02 -->
  <system-out/>
  <testcase classname="test.java.formWorkflow.formsWorkflowPart2" name="selectFieldRequiredQ4S02" time="0.000">
    <skipped/>
  </testcase> <!-- selectFieldRequiredQ4S02 -->
  <system-out/>
  <testcase classname="test.java.formWorkflow.formsWorkflowPart2" name="selectFieldSensitiveDataQ4S02" time="0.000">
    <skipped/>
  </testcase> <!-- selectFieldSensitiveDataQ4S02 -->
  <system-out/>
  <testcase classname="test.java.formWorkflow.formsWorkflowPart2" name="selectSortValueQ4S02" time="0.000">
    <skipped/>
  </testcase> <!-- selectSortValueQ4S02 -->
  <system-out/>
  <testcase classname="test.java.formWorkflow.formsWorkflowPart2" name="selectQuestionSaveQ4S02" time="0.000">
    <skipped/>
  </testcase> <!-- selectQuestionSaveQ4S02 -->
  <system-out/>
  <testcase classname="test.java.formWorkflow.formsWorkflowPart2" name="addSubQuestionQ5" time="0.000">
    <skipped/>
  </testcase> <!-- addSubQuestionQ5 -->
  <system-out/>
  <testcase classname="test.java.formWorkflow.formsWorkflowPart2" name="inputFieldNameQ5" time="0.000">
    <skipped/>
  </testcase> <!-- inputFieldNameQ5 -->
  <system-out/>
  <testcase classname="test.java.formWorkflow.formsWorkflowPart2" name="inputShortLabelQ5" time="0.000">
    <skipped/>
  </testcase> <!-- inputShortLabelQ5 -->
  <system-out/>
  <testcase classname="test.java.formWorkflow.formsWorkflowPart2" name="selectTypeRawData" time="0.000">
    <skipped/>
  </testcase> <!-- selectTypeRawData -->
  <system-out/>
  <testcase classname="test.java.formWorkflow.formsWorkflowPart2" name="inputDefaultAnswerQ5" time="0.000">
    <skipped/>
  </testcase> <!-- inputDefaultAnswerQ5 -->
  <system-out/>
  <testcase classname="test.java.formWorkflow.formsWorkflowPart2" name="selectFieldRequiredQ5" time="0.000">
    <skipped/>
  </testcase> <!-- selectFieldRequiredQ5 -->
  <system-out/>
  <testcase classname="test.java.formWorkflow.formsWorkflowPart2" name="selectFieldSensitiveDataQ5" time="0.000">
    <skipped/>
  </testcase> <!-- selectFieldSensitiveDataQ5 -->
  <system-out/>
  <testcase classname="test.java.formWorkflow.formsWorkflowPart2" name="selectSortValueQ5" time="0.000">
    <skipped/>
  </testcase> <!-- selectSortValueQ5 -->
  <system-out/>
  <testcase classname="test.java.formWorkflow.formsWorkflowPart2" name="selectQuestionSaveQ5" time="0.000">
    <skipped/>
  </testcase> <!-- selectQuestionSaveQ5 -->
  <system-out/>
</testsuite> <!-- test.java.formWorkflow.formsWorkflowPart2 -->
