<?xml version="1.0" encoding="UTF-8"?>
<!-- Generated by org.testng.reporters.JUnitReportReporter -->
<testsuite hostname="DESKTOP-OOHKJP3" failures="0" tests="2" name="Execution.userAccessGroupsTESTING" time="7.425" errors="0" timestamp="2023-08-28T12:49:39 CDT" skipped="0">
  <testcase classname="Execution.userAccessGroupsTESTING" name="testForCertPage" time="1.877"/>
  <system-out/>
  <testcase classname="Execution.userAccessGroupsTESTING" name="getElementID" time="5.548"/>
  <system-out/>
</testsuite> <!-- Execution.userAccessGroupsTESTING -->
